{"/data/workspace/tradeflow/src/components/ExportPortfolio.jsx": {"path":"/data/workspace/tradeflow/src/components/ExportPortfolio.jsx","statementMap":{"0":{"start":{"line":10,"column":20},"end":{"line":10,"column":null}},"1":{"start":{"line":12,"column":20},"end":{"line":32,"column":null}},"2":{"start":{"line":13,"column":20},"end":{"line":13,"column":null}},"3":{"start":{"line":14,"column":17},"end":{"line":22,"column":null}},"4":{"start":{"line":15,"column":19},"end":{"line":15,"column":null}},"5":{"start":{"line":16,"column":12},"end":{"line":16,"column":null}},"6":{"start":{"line":17,"column":12},"end":{"line":17,"column":null}},"7":{"start":{"line":18,"column":18},"end":{"line":18,"column":null}},"8":{"start":{"line":19,"column":21},"end":{"line":19,"column":null}},"9":{"start":{"line":20,"column":24},"end":{"line":20,"column":null}},"10":{"start":{"line":21,"column":6},"end":{"line":21,"column":null}},"11":{"start":{"line":24,"column":16},"end":{"line":24,"column":null}},"12":{"start":{"line":24,"column":44},"end":{"line":24,"column":74}},"13":{"start":{"line":24,"column":55},"end":{"line":24,"column":63}},"14":{"start":{"line":25,"column":17},"end":{"line":25,"column":null}},"15":{"start":{"line":26,"column":16},"end":{"line":26,"column":null}},"16":{"start":{"line":27,"column":14},"end":{"line":27,"column":null}},"17":{"start":{"line":28,"column":4},"end":{"line":28,"column":null}},"18":{"start":{"line":29,"column":4},"end":{"line":29,"column":null}},"19":{"start":{"line":30,"column":4},"end":{"line":30,"column":null}},"20":{"start":{"line":31,"column":4},"end":{"line":31,"column":null}},"21":{"start":{"line":34,"column":20},"end":{"line":108,"column":null}},"22":{"start":{"line":35,"column":26},"end":{"line":35,"column":null}},"23":{"start":{"line":35,"column":53},"end":{"line":35,"column":75}},"24":{"start":{"line":36,"column":23},"end":{"line":36,"column":null}},"25":{"start":{"line":36,"column":50},"end":{"line":36,"column":74}},"26":{"start":{"line":37,"column":21},"end":{"line":37,"column":null}},"27":{"start":{"line":37,"column":48},"end":{"line":37,"column":66}},"28":{"start":{"line":39,"column":17},"end":{"line":55,"column":null}},"29":{"start":{"line":40,"column":19},"end":{"line":40,"column":null}},"30":{"start":{"line":41,"column":12},"end":{"line":41,"column":null}},"31":{"start":{"line":42,"column":12},"end":{"line":42,"column":null}},"32":{"start":{"line":43,"column":12},"end":{"line":43,"column":null}},"33":{"start":{"line":44,"column":20},"end":{"line":44,"column":null}},"34":{"start":{"line":45,"column":6},"end":{"line":52,"column":null}},"35":{"start":{"line":57,"column":17},"end":{"line":83,"column":null}},"36":{"start":{"line":88,"column":17},"end":{"line":88,"column":null}},"37":{"start":{"line":89,"column":4},"end":{"line":99,"column":null}},"38":{"start":{"line":90,"column":6},"end":{"line":90,"column":null}},"39":{"start":{"line":91,"column":6},"end":{"line":91,"column":null}},"40":{"start":{"line":92,"column":6},"end":{"line":92,"column":null}},"41":{"start":{"line":93,"column":6},"end":{"line":93,"column":null}},"42":{"start":{"line":94,"column":6},"end":{"line":94,"column":null}},"43":{"start":{"line":95,"column":6},"end":{"line":95,"column":null}},"44":{"start":{"line":96,"column":6},"end":{"line":96,"column":null}},"45":{"start":{"line":97,"column":6},"end":{"line":97,"column":null}},"46":{"start":{"line":98,"column":6},"end":{"line":98,"column":null}},"47":{"start":{"line":100,"column":16},"end":{"line":100,"column":null}},"48":{"start":{"line":101,"column":4},"end":{"line":101,"column":null}},"49":{"start":{"line":102,"column":4},"end":{"line":102,"column":null}},"50":{"start":{"line":103,"column":4},"end":{"line":103,"column":null}},"51":{"start":{"line":104,"column":4},"end":{"line":107,"column":null}},"52":{"start":{"line":105,"column":6},"end":{"line":105,"column":null}},"53":{"start":{"line":106,"column":6},"end":{"line":106,"column":null}},"54":{"start":{"line":110,"column":2},"end":{"line":120,"column":null}}},"fnMap":{"0":{"name":"ExportPortfolio","decl":{"start":{"line":9,"column":24},"end":{"line":9,"column":40}},"loc":{"start":{"line":9,"column":60},"end":{"line":122,"column":null}},"line":9},"1":{"name":"(anonymous_1)","decl":{"start":{"line":12,"column":20},"end":{"line":12,"column":38}},"loc":{"start":{"line":12,"column":38},"end":{"line":32,"column":5}},"line":12},"2":{"name":"(anonymous_2)","decl":{"start":{"line":14,"column":27},"end":{"line":14,"column":31}},"loc":{"start":{"line":14,"column":36},"end":{"line":22,"column":5}},"line":14},"3":{"name":"(anonymous_3)","decl":{"start":{"line":24,"column":35},"end":{"line":24,"column":39}},"loc":{"start":{"line":24,"column":44},"end":{"line":24,"column":74}},"line":24},"4":{"name":"(anonymous_4)","decl":{"start":{"line":24,"column":46},"end":{"line":24,"column":50}},"loc":{"start":{"line":24,"column":55},"end":{"line":24,"column":63}},"line":24},"5":{"name":"(anonymous_5)","decl":{"start":{"line":34,"column":20},"end":{"line":34,"column":38}},"loc":{"start":{"line":34,"column":38},"end":{"line":108,"column":5}},"line":34},"6":{"name":"(anonymous_6)","decl":{"start":{"line":35,"column":36},"end":{"line":35,"column":44}},"loc":{"start":{"line":35,"column":53},"end":{"line":35,"column":75}},"line":35},"7":{"name":"(anonymous_7)","decl":{"start":{"line":36,"column":33},"end":{"line":36,"column":41}},"loc":{"start":{"line":36,"column":50},"end":{"line":36,"column":74}},"line":36},"8":{"name":"(anonymous_8)","decl":{"start":{"line":37,"column":31},"end":{"line":37,"column":39}},"loc":{"start":{"line":37,"column":48},"end":{"line":37,"column":66}},"line":37},"9":{"name":"(anonymous_9)","decl":{"start":{"line":39,"column":27},"end":{"line":39,"column":31}},"loc":{"start":{"line":39,"column":36},"end":{"line":55,"column":5}},"line":39},"10":{"name":"(anonymous_10)","decl":{"start":{"line":104,"column":4},"end":{"line":104,"column":21}},"loc":{"start":{"line":104,"column":21},"end":{"line":107,"column":7}},"line":104}},"branchMap":{"0":{"loc":{"start":{"line":9,"column":42},"end":{"line":9,"column":60}},"type":"default-arg","locations":[{"start":{"line":9,"column":54},"end":{"line":9,"column":60}}],"line":9},"1":{"loc":{"start":{"line":15,"column":19},"end":{"line":15,"column":null}},"type":"binary-expr","locations":[{"start":{"line":15,"column":19},"end":{"line":15,"column":44}},{"start":{"line":15,"column":44},"end":{"line":15,"column":null}}],"line":15},"2":{"loc":{"start":{"line":18,"column":18},"end":{"line":18,"column":null}},"type":"binary-expr","locations":[{"start":{"line":18,"column":18},"end":{"line":18,"column":39}},{"start":{"line":18,"column":39},"end":{"line":18,"column":null}}],"line":18},"3":{"loc":{"start":{"line":19,"column":21},"end":{"line":19,"column":null}},"type":"cond-expr","locations":[{"start":{"line":19,"column":34},"end":{"line":19,"column":45}},{"start":{"line":19,"column":45},"end":{"line":19,"column":null}}],"line":19},"4":{"loc":{"start":{"line":21,"column":14},"end":{"line":21,"column":45}},"type":"binary-expr","locations":[{"start":{"line":21,"column":14},"end":{"line":21,"column":28}},{"start":{"line":21,"column":28},"end":{"line":21,"column":38}},{"start":{"line":21,"column":38},"end":{"line":21,"column":45}}],"line":21},"5":{"loc":{"start":{"line":37,"column":53},"end":{"line":37,"column":66}},"type":"binary-expr","locations":[{"start":{"line":37,"column":53},"end":{"line":37,"column":62}},{"start":{"line":37,"column":62},"end":{"line":37,"column":66}}],"line":37},"6":{"loc":{"start":{"line":40,"column":19},"end":{"line":40,"column":null}},"type":"binary-expr","locations":[{"start":{"line":40,"column":19},"end":{"line":40,"column":44}},{"start":{"line":40,"column":44},"end":{"line":40,"column":null}}],"line":40},"7":{"loc":{"start":{"line":43,"column":19},"end":{"line":43,"column":29}},"type":"binary-expr","locations":[{"start":{"line":43,"column":19},"end":{"line":43,"column":28}},{"start":{"line":43,"column":28},"end":{"line":43,"column":29}}],"line":43},"8":{"loc":{"start":{"line":44,"column":20},"end":{"line":44,"column":null}},"type":"cond-expr","locations":[{"start":{"line":44,"column":33},"end":{"line":44,"column":45}},{"start":{"line":44,"column":45},"end":{"line":44,"column":null}}],"line":44},"9":{"loc":{"start":{"line":46,"column":71},"end":{"line":46,"column":101}},"type":"binary-expr","locations":[{"start":{"line":46,"column":71},"end":{"line":46,"column":85}},{"start":{"line":46,"column":85},"end":{"line":46,"column":95}},{"start":{"line":46,"column":95},"end":{"line":46,"column":101}}],"line":46},"10":{"loc":{"start":{"line":50,"column":103},"end":{"line":50,"column":123}},"type":"cond-expr","locations":[{"start":{"line":50,"column":114},"end":{"line":50,"column":120}},{"start":{"line":50,"column":120},"end":{"line":50,"column":123}}],"line":50},"11":{"loc":{"start":{"line":52,"column":36},"end":{"line":52,"column":69}},"type":"cond-expr","locations":[{"start":{"line":52,"column":47},"end":{"line":52,"column":59}},{"start":{"line":52,"column":59},"end":{"line":52,"column":69}}],"line":52},"12":{"loc":{"start":{"line":52,"column":140},"end":{"line":52,"column":169}},"type":"cond-expr","locations":[{"start":{"line":52,"column":151},"end":{"line":52,"column":162}},{"start":{"line":52,"column":162},"end":{"line":52,"column":169}}],"line":52},"13":{"loc":{"start":{"line":69,"column":33},"end":{"line":69,"column":65}},"type":"cond-expr","locations":[{"start":{"line":69,"column":45},"end":{"line":69,"column":55}},{"start":{"line":69,"column":55},"end":{"line":69,"column":65}}],"line":69},"14":{"loc":{"start":{"line":71,"column":61},"end":{"line":71,"column":93}},"type":"cond-expr","locations":[{"start":{"line":71,"column":73},"end":{"line":71,"column":83}},{"start":{"line":71,"column":83},"end":{"line":71,"column":93}}],"line":71},"15":{"loc":{"start":{"line":71,"column":97},"end":{"line":71,"column":116}},"type":"cond-expr","locations":[{"start":{"line":71,"column":109},"end":{"line":71,"column":113}},{"start":{"line":71,"column":113},"end":{"line":71,"column":116}}],"line":71},"16":{"loc":{"start":{"line":89,"column":4},"end":{"line":99,"column":null}},"type":"if","locations":[{"start":{"line":89,"column":4},"end":{"line":99,"column":null}},{"start":{},"end":{}}],"line":89},"17":{"loc":{"start":{"line":100,"column":16},"end":{"line":100,"column":null}},"type":"binary-expr","locations":[{"start":{"line":100,"column":16},"end":{"line":100,"column":42}},{"start":{"line":100,"column":42},"end":{"line":100,"column":null}}],"line":100}},"s":{"0":2,"1":2,"2":0,"3":0,"4":0,"5":0,"6":0,"7":0,"8":0,"9":0,"10":0,"11":0,"12":0,"13":0,"14":0,"15":0,"16":0,"17":0,"18":0,"19":0,"20":0,"21":2,"22":0,"23":0,"24":0,"25":0,"26":0,"27":0,"28":0,"29":0,"30":0,"31":0,"32":0,"33":0,"34":0,"35":0,"36":0,"37":0,"38":0,"39":0,"40":0,"41":0,"42":0,"43":0,"44":0,"45":0,"46":0,"47":0,"48":0,"49":0,"50":0,"51":0,"52":0,"53":0,"54":2},"f":{"0":2,"1":0,"2":0,"3":0,"4":0,"5":0,"6":0,"7":0,"8":0,"9":0,"10":0},"b":{"0":[2],"1":[0,0],"2":[0,0],"3":[0,0],"4":[0,0,0],"5":[0,0],"6":[0,0],"7":[0,0],"8":[0,0],"9":[0,0,0],"10":[0,0],"11":[0,0],"12":[0,0],"13":[0,0],"14":[0,0],"15":[0,0],"16":[0,0],"17":[0,0]},"meta":{"lastBranch":18,"lastFunction":11,"lastStatement":55,"seen":{"f:9:24:9:40":0,"b:9:54:9:60":0,"s:10:20:10:Infinity":0,"s:12:20:32:Infinity":1,"f:12:20:12:38":1,"s:13:20:13:Infinity":2,"s:14:17:22:Infinity":3,"f:14:27:14:31":2,"s:15:19:15:Infinity":4,"b:15:19:15:44:15:44:15:Infinity":1,"s:16:12:16:Infinity":5,"s:17:12:17:Infinity":6,"s:18:18:18:Infinity":7,"b:18:18:18:39:18:39:18:Infinity":2,"s:19:21:19:Infinity":8,"b:19:34:19:45:19:45:19:Infinity":3,"s:20:24:20:Infinity":9,"s:21:6:21:Infinity":10,"b:21:14:21:28:21:28:21:38:21:38:21:45":4,"s:24:16:24:Infinity":11,"f:24:35:24:39":3,"s:24:44:24:74":12,"f:24:46:24:50":4,"s:24:55:24:63":13,"s:25:17:25:Infinity":14,"s:26:16:26:Infinity":15,"s:27:14:27:Infinity":16,"s:28:4:28:Infinity":17,"s:29:4:29:Infinity":18,"s:30:4:30:Infinity":19,"s:31:4:31:Infinity":20,"s:34:20:108:Infinity":21,"f:34:20:34:38":5,"s:35:26:35:Infinity":22,"f:35:36:35:44":6,"s:35:53:35:75":23,"s:36:23:36:Infinity":24,"f:36:33:36:41":7,"s:36:50:36:74":25,"s:37:21:37:Infinity":26,"f:37:31:37:39":8,"s:37:48:37:66":27,"b:37:53:37:62:37:62:37:66":5,"s:39:17:55:Infinity":28,"f:39:27:39:31":9,"s:40:19:40:Infinity":29,"b:40:19:40:44:40:44:40:Infinity":6,"s:41:12:41:Infinity":30,"s:42:12:42:Infinity":31,"s:43:12:43:Infinity":32,"b:43:19:43:28:43:28:43:29":7,"s:44:20:44:Infinity":33,"b:44:33:44:45:44:45:44:Infinity":8,"s:45:6:52:Infinity":34,"b:46:71:46:85:46:85:46:95:46:95:46:101":9,"b:50:114:50:120:50:120:50:123":10,"b:52:47:52:59:52:59:52:69":11,"b:52:151:52:162:52:162:52:169":12,"s:57:17:83:Infinity":35,"b:69:45:69:55:69:55:69:65":13,"b:71:73:71:83:71:83:71:93":14,"b:71:109:71:113:71:113:71:116":15,"s:88:17:88:Infinity":36,"b:89:4:99:Infinity:undefined:undefined:undefined:undefined":16,"s:89:4:99:Infinity":37,"s:90:6:90:Infinity":38,"s:91:6:91:Infinity":39,"s:92:6:92:Infinity":40,"s:93:6:93:Infinity":41,"s:94:6:94:Infinity":42,"s:95:6:95:Infinity":43,"s:96:6:96:Infinity":44,"s:97:6:97:Infinity":45,"s:98:6:98:Infinity":46,"s:100:16:100:Infinity":47,"b:100:16:100:42:100:42:100:Infinity":17,"s:101:4:101:Infinity":48,"s:102:4:102:Infinity":49,"s:103:4:103:Infinity":50,"s:104:4:107:Infinity":51,"f:104:4:104:21":10,"s:105:6:105:Infinity":52,"s:106:6:106:Infinity":53,"s:110:2:120:Infinity":54},"fnNames":{}}}
,"/data/workspace/tradeflow/src/components/InfoTip.jsx": {"path":"/data/workspace/tradeflow/src/components/InfoTip.jsx","statementMap":{"0":{"start":{"line":9,"column":26},"end":{"line":9,"column":null}},"1":{"start":{"line":10,"column":30},"end":{"line":10,"column":null}},"2":{"start":{"line":11,"column":18},"end":{"line":11,"column":null}},"3":{"start":{"line":12,"column":17},"end":{"line":12,"column":null}},"4":{"start":{"line":13,"column":21},"end":{"line":13,"column":null}},"5":{"start":{"line":15,"column":2},"end":{"line":19,"column":null}},"6":{"start":{"line":16,"column":10},"end":{"line":16,"column":null}},"7":{"start":{"line":16,"column":28},"end":{"line":16,"column":55}},"8":{"start":{"line":17,"column":4},"end":{"line":17,"column":null}},"9":{"start":{"line":18,"column":4},"end":{"line":18,"column":null}},"10":{"start":{"line":18,"column":17},"end":{"line":18,"column":null}},"11":{"start":{"line":21,"column":2},"end":{"line":30,"column":null}},"12":{"start":{"line":22,"column":4},"end":{"line":29,"column":null}},"13":{"start":{"line":23,"column":19},"end":{"line":23,"column":null}},"14":{"start":{"line":24,"column":19},"end":{"line":24,"column":null}},"15":{"start":{"line":25,"column":17},"end":{"line":25,"column":null}},"16":{"start":{"line":26,"column":6},"end":{"line":26,"column":null}},"17":{"start":{"line":26,"column":20},"end":{"line":26,"column":null}},"18":{"start":{"line":27,"column":6},"end":{"line":27,"column":null}},"19":{"start":{"line":27,"column":47},"end":{"line":27,"column":null}},"20":{"start":{"line":28,"column":6},"end":{"line":28,"column":null}},"21":{"start":{"line":32,"column":2},"end":{"line":45,"column":null}},"22":{"start":{"line":33,"column":4},"end":{"line":33,"column":null}},"23":{"start":{"line":33,"column":15},"end":{"line":33,"column":null}},"24":{"start":{"line":34,"column":10},"end":{"line":38,"column":null}},"25":{"start":{"line":35,"column":6},"end":{"line":35,"column":null}},"26":{"start":{"line":35,"column":47},"end":{"line":35,"column":null}},"27":{"start":{"line":36,"column":6},"end":{"line":36,"column":null}},"28":{"start":{"line":36,"column":46},"end":{"line":36,"column":null}},"29":{"start":{"line":37,"column":6},"end":{"line":37,"column":null}},"30":{"start":{"line":39,"column":4},"end":{"line":39,"column":null}},"31":{"start":{"line":40,"column":4},"end":{"line":40,"column":null}},"32":{"start":{"line":41,"column":4},"end":{"line":44,"column":null}},"33":{"start":{"line":42,"column":6},"end":{"line":42,"column":null}},"34":{"start":{"line":43,"column":6},"end":{"line":43,"column":null}},"35":{"start":{"line":47,"column":22},"end":{"line":47,"column":null}},"36":{"start":{"line":47,"column":40},"end":{"line":47,"column":58}},"37":{"start":{"line":47,"column":53},"end":{"line":47,"column":55}},"38":{"start":{"line":48,"column":27},"end":{"line":48,"column":null}},"39":{"start":{"line":48,"column":47},"end":{"line":48,"column":87}},"40":{"start":{"line":48,"column":72},"end":{"line":48,"column":87}},"41":{"start":{"line":49,"column":27},"end":{"line":49,"column":null}},"42":{"start":{"line":49,"column":47},"end":{"line":49,"column":88}},"43":{"start":{"line":49,"column":72},"end":{"line":49,"column":88}},"44":{"start":{"line":51,"column":2},"end":{"line":80,"column":null}}},"fnMap":{"0":{"name":"InfoTip","decl":{"start":{"line":8,"column":24},"end":{"line":8,"column":32}},"loc":{"start":{"line":8,"column":60},"end":{"line":82,"column":null}},"line":8},"1":{"name":"(anonymous_1)","decl":{"start":{"line":15,"column":2},"end":{"line":15,"column":18}},"loc":{"start":{"line":15,"column":18},"end":{"line":19,"column":5}},"line":15},"2":{"name":"(anonymous_2)","decl":{"start":{"line":16,"column":10},"end":{"line":16,"column":26}},"loc":{"start":{"line":16,"column":26},"end":{"line":16,"column":null}},"line":16},"3":{"name":"(anonymous_3)","decl":{"start":{"line":18,"column":4},"end":{"line":18,"column":17}},"loc":{"start":{"line":18,"column":17},"end":{"line":18,"column":null}},"line":18},"4":{"name":"(anonymous_4)","decl":{"start":{"line":21,"column":2},"end":{"line":21,"column":18}},"loc":{"start":{"line":21,"column":18},"end":{"line":30,"column":5}},"line":21},"5":{"name":"(anonymous_5)","decl":{"start":{"line":32,"column":2},"end":{"line":32,"column":18}},"loc":{"start":{"line":32,"column":18},"end":{"line":45,"column":5}},"line":32},"6":{"name":"(anonymous_6)","decl":{"start":{"line":34,"column":10},"end":{"line":34,"column":21}},"loc":{"start":{"line":34,"column":27},"end":{"line":38,"column":null}},"line":34},"7":{"name":"(anonymous_7)","decl":{"start":{"line":41,"column":4},"end":{"line":41,"column":17}},"loc":{"start":{"line":41,"column":17},"end":{"line":44,"column":null}},"line":41},"8":{"name":"(anonymous_8)","decl":{"start":{"line":47,"column":22},"end":{"line":47,"column":40}},"loc":{"start":{"line":47,"column":40},"end":{"line":47,"column":58}},"line":47},"9":{"name":"(anonymous_9)","decl":{"start":{"line":47,"column":40},"end":{"line":47,"column":48}},"loc":{"start":{"line":47,"column":53},"end":{"line":47,"column":55}},"line":47},"10":{"name":"(anonymous_10)","decl":{"start":{"line":48,"column":27},"end":{"line":48,"column":45}},"loc":{"start":{"line":48,"column":45},"end":{"line":48,"column":90}},"line":48},"11":{"name":"(anonymous_11)","decl":{"start":{"line":49,"column":27},"end":{"line":49,"column":45}},"loc":{"start":{"line":49,"column":45},"end":{"line":49,"column":91}},"line":49}},"branchMap":{"0":{"loc":{"start":{"line":8,"column":40},"end":{"line":8,"column":60}},"type":"default-arg","locations":[{"start":{"line":8,"column":51},"end":{"line":8,"column":60}}],"line":8},"1":{"loc":{"start":{"line":22,"column":4},"end":{"line":29,"column":null}},"type":"if","locations":[{"start":{"line":22,"column":4},"end":{"line":29,"column":null}},{"start":{},"end":{}}],"line":22},"2":{"loc":{"start":{"line":22,"column":8},"end":{"line":22,"column":33}},"type":"binary-expr","locations":[{"start":{"line":22,"column":8},"end":{"line":22,"column":16}},{"start":{"line":22,"column":16},"end":{"line":22,"column":33}}],"line":22},"3":{"loc":{"start":{"line":26,"column":6},"end":{"line":26,"column":null}},"type":"if","locations":[{"start":{"line":26,"column":6},"end":{"line":26,"column":null}},{"start":{},"end":{}}],"line":26},"4":{"loc":{"start":{"line":27,"column":6},"end":{"line":27,"column":null}},"type":"if","locations":[{"start":{"line":27,"column":6},"end":{"line":27,"column":null}},{"start":{},"end":{}}],"line":27},"5":{"loc":{"start":{"line":28,"column":23},"end":{"line":28,"column":76}},"type":"cond-expr","locations":[{"start":{"line":28,"column":44},"end":{"line":28,"column":59}},{"start":{"line":28,"column":59},"end":{"line":28,"column":76}}],"line":28},"6":{"loc":{"start":{"line":33,"column":4},"end":{"line":33,"column":null}},"type":"if","locations":[{"start":{"line":33,"column":4},"end":{"line":33,"column":null}},{"start":{},"end":{}}],"line":33},"7":{"loc":{"start":{"line":35,"column":6},"end":{"line":35,"column":null}},"type":"if","locations":[{"start":{"line":35,"column":6},"end":{"line":35,"column":null}},{"start":{},"end":{}}],"line":35},"8":{"loc":{"start":{"line":36,"column":6},"end":{"line":36,"column":null}},"type":"if","locations":[{"start":{"line":36,"column":6},"end":{"line":36,"column":null}},{"start":{},"end":{}}],"line":36},"9":{"loc":{"start":{"line":48,"column":47},"end":{"line":48,"column":87}},"type":"if","locations":[{"start":{"line":48,"column":47},"end":{"line":48,"column":87}},{"start":{},"end":{}}],"line":48},"10":{"loc":{"start":{"line":49,"column":47},"end":{"line":49,"column":88}},"type":"if","locations":[{"start":{"line":49,"column":47},"end":{"line":49,"column":88}},{"start":{},"end":{}}],"line":49},"11":{"loc":{"start":{"line":63,"column":7},"end":{"line":80,"column":null}},"type":"binary-expr","locations":[{"start":{"line":63,"column":7},"end":{"line":63,"column":null}},{"start":{"line":64,"column":8},"end":{"line":80,"column":null}}],"line":63},"12":{"loc":{"start":{"line":68,"column":17},"end":{"line":68,"column":null}},"type":"cond-expr","locations":[{"start":{"line":68,"column":38},"end":{"line":68,"column":50}},{"start":{"line":68,"column":50},"end":{"line":68,"column":null}}],"line":68},"13":{"loc":{"start":{"line":69,"column":20},"end":{"line":69,"column":null}},"type":"cond-expr","locations":[{"start":{"line":69,"column":41},"end":{"line":69,"column":75}},{"start":{"line":69,"column":75},"end":{"line":69,"column":null}}],"line":69},"14":{"loc":{"start":{"line":71,"column":23},"end":{"line":71,"column":null}},"type":"cond-expr","locations":[{"start":{"line":71,"column":44},"end":{"line":71,"column":66}},{"start":{"line":71,"column":66},"end":{"line":71,"column":null}}],"line":71},"15":{"loc":{"start":{"line":76,"column":12},"end":{"line":76,"column":null}},"type":"cond-expr","locations":[{"start":{"line":76,"column":33},"end":{"line":76,"column":65}},{"start":{"line":76,"column":65},"end":{"line":76,"column":null}}],"line":76}},"s":{"0":14,"1":14,"2":14,"3":14,"4":14,"5":14,"6":11,"7":0,"8":11,"9":11,"10":11,"11":14,"12":11,"13":0,"14":0,"15":0,"16":0,"17":0,"18":0,"19":0,"20":0,"21":14,"22":11,"23":11,"24":0,"25":0,"26":0,"27":0,"28":0,"29":0,"30":0,"31":0,"32":0,"33":0,"34":0,"35":14,"36":0,"37":0,"38":14,"39":0,"40":0,"41":14,"42":0,"43":0,"44":14},"f":{"0":14,"1":11,"2":0,"3":11,"4":11,"5":11,"6":0,"7":0,"8":0,"9":0,"10":0,"11":0},"b":{"0":[14],"1":[0,11],"2":[11,0],"3":[0,0],"4":[0,0],"5":[0,0],"6":[11,0],"7":[0,0],"8":[0,0],"9":[0,0],"10":[0,0],"11":[14,0],"12":[0,0],"13":[0,0],"14":[0,0],"15":[0,0]},"meta":{"lastBranch":16,"lastFunction":12,"lastStatement":45,"seen":{"f:8:24:8:32":0,"b:8:51:8:60":0,"s:9:26:9:Infinity":0,"s:10:30:10:Infinity":1,"s:11:18:11:Infinity":2,"s:12:17:12:Infinity":3,"s:13:21:13:Infinity":4,"s:15:2:19:Infinity":5,"f:15:2:15:18":1,"s:16:10:16:Infinity":6,"f:16:10:16:26":2,"s:16:28:16:55":7,"s:17:4:17:Infinity":8,"s:18:4:18:Infinity":9,"f:18:4:18:17":3,"s:18:17:18:Infinity":10,"s:21:2:30:Infinity":11,"f:21:2:21:18":4,"b:22:4:29:Infinity:undefined:undefined:undefined:undefined":1,"s:22:4:29:Infinity":12,"b:22:8:22:16:22:16:22:33":2,"s:23:19:23:Infinity":13,"s:24:19:24:Infinity":14,"s:25:17:25:Infinity":15,"b:26:6:26:Infinity:undefined:undefined:undefined:undefined":3,"s:26:6:26:Infinity":16,"s:26:20:26:Infinity":17,"b:27:6:27:Infinity:undefined:undefined:undefined:undefined":4,"s:27:6:27:Infinity":18,"s:27:47:27:Infinity":19,"s:28:6:28:Infinity":20,"b:28:44:28:59:28:59:28:76":5,"s:32:2:45:Infinity":21,"f:32:2:32:18":5,"b:33:4:33:Infinity:undefined:undefined:undefined:undefined":6,"s:33:4:33:Infinity":22,"s:33:15:33:Infinity":23,"s:34:10:38:Infinity":24,"f:34:10:34:21":6,"b:35:6:35:Infinity:undefined:undefined:undefined:undefined":7,"s:35:6:35:Infinity":25,"s:35:47:35:Infinity":26,"b:36:6:36:Infinity:undefined:undefined:undefined:undefined":8,"s:36:6:36:Infinity":27,"s:36:46:36:Infinity":28,"s:37:6:37:Infinity":29,"s:39:4:39:Infinity":30,"s:40:4:40:Infinity":31,"s:41:4:44:Infinity":32,"f:41:4:41:17":7,"s:42:6:42:Infinity":33,"s:43:6:43:Infinity":34,"s:47:22:47:Infinity":35,"f:47:22:47:40":8,"s:47:40:47:58":36,"f:47:40:47:48":9,"s:47:53:47:55":37,"s:48:27:48:Infinity":38,"f:48:27:48:45":10,"b:48:47:48:87:undefined:undefined:undefined:undefined":9,"s:48:47:48:87":39,"s:48:72:48:87":40,"s:49:27:49:Infinity":41,"f:49:27:49:45":11,"b:49:47:49:88:undefined:undefined:undefined:undefined":10,"s:49:47:49:88":42,"s:49:72:49:88":43,"s:51:2:80:Infinity":44,"b:63:7:63:Infinity:64:8:80:Infinity":11,"b:68:38:68:50:68:50:68:Infinity":12,"b:69:41:69:75:69:75:69:Infinity":13,"b:71:44:71:66:71:66:71:Infinity":14,"b:76:33:76:65:76:65:76:Infinity":15},"fnNames":{}}}
,"/data/workspace/tradeflow/src/components/MarketPulse.jsx": {"path":"/data/workspace/tradeflow/src/components/MarketPulse.jsx","statementMap":{"0":{"start":{"line":8,"column":15},"end":{"line":8,"column":null}},"1":{"start":{"line":9,"column":16},"end":{"line":9,"column":null}},"2":{"start":{"line":10,"column":8},"end":{"line":10,"column":null}},"3":{"start":{"line":11,"column":2},"end":{"line":11,"column":null}},"4":{"start":{"line":15,"column":15},"end":{"line":15,"column":null}},"5":{"start":{"line":16,"column":8},"end":{"line":16,"column":null}},"6":{"start":{"line":17,"column":2},"end":{"line":17,"column":null}},"7":{"start":{"line":21,"column":2},"end":{"line":21,"column":null}},"8":{"start":{"line":25,"column":2},"end":{"line":31,"column":null}},"9":{"start":{"line":26,"column":16},"end":{"line":26,"column":null}},"10":{"start":{"line":27,"column":4},"end":{"line":27,"column":null}},"11":{"start":{"line":27,"column":17},"end":{"line":27,"column":null}},"12":{"start":{"line":28,"column":17},"end":{"line":28,"column":null}},"13":{"start":{"line":29,"column":16},"end":{"line":29,"column":null}},"14":{"start":{"line":30,"column":4},"end":{"line":30,"column":null}},"15":{"start":{"line":30,"column":21},"end":{"line":30,"column":null}},"16":{"start":{"line":32,"column":2},"end":{"line":32,"column":null}},"17":{"start":{"line":36,"column":2},"end":{"line":46,"column":null}},"18":{"start":{"line":37,"column":16},"end":{"line":37,"column":null}},"19":{"start":{"line":38,"column":4},"end":{"line":38,"column":null}},"20":{"start":{"line":38,"column":17},"end":{"line":38,"column":null}},"21":{"start":{"line":39,"column":17},"end":{"line":39,"column":null}},"22":{"start":{"line":40,"column":16},"end":{"line":40,"column":null}},"23":{"start":{"line":41,"column":16},"end":{"line":41,"column":null}},"24":{"start":{"line":42,"column":4},"end":{"line":45,"column":null}},"25":{"start":{"line":47,"column":2},"end":{"line":47,"column":null}},"26":{"start":{"line":51,"column":2},"end":{"line":51,"column":null}},"27":{"start":{"line":51,"column":19},"end":{"line":51,"column":null}},"28":{"start":{"line":52,"column":2},"end":{"line":52,"column":null}},"29":{"start":{"line":52,"column":19},"end":{"line":52,"column":null}},"30":{"start":{"line":53,"column":2},"end":{"line":53,"column":null}},"31":{"start":{"line":53,"column":19},"end":{"line":53,"column":null}},"32":{"start":{"line":54,"column":2},"end":{"line":54,"column":null}},"33":{"start":{"line":54,"column":19},"end":{"line":54,"column":null}},"34":{"start":{"line":55,"column":2},"end":{"line":55,"column":null}},"35":{"start":{"line":59,"column":2},"end":{"line":59,"column":null}},"36":{"start":{"line":59,"column":38},"end":{"line":59,"column":null}},"37":{"start":{"line":60,"column":2},"end":{"line":60,"column":null}},"38":{"start":{"line":60,"column":38},"end":{"line":60,"column":null}},"39":{"start":{"line":61,"column":2},"end":{"line":61,"column":null}},"40":{"start":{"line":61,"column":38},"end":{"line":61,"column":null}},"41":{"start":{"line":62,"column":2},"end":{"line":62,"column":null}},"42":{"start":{"line":62,"column":23},"end":{"line":62,"column":null}},"43":{"start":{"line":63,"column":2},"end":{"line":63,"column":null}},"44":{"start":{"line":68,"column":27},"end":{"line":68,"column":null}},"45":{"start":{"line":69,"column":17},"end":{"line":69,"column":null}},"46":{"start":{"line":70,"column":24},"end":{"line":70,"column":null}},"47":{"start":{"line":71,"column":18},"end":{"line":71,"column":null}},"48":{"start":{"line":73,"column":2},"end":{"line":92,"column":null}},"49":{"start":{"line":98,"column":2},"end":{"line":102,"column":null}},"50":{"start":{"line":108,"column":20},"end":{"line":108,"column":null}},"51":{"start":{"line":109,"column":2},"end":{"line":127,"column":null}},"52":{"start":{"line":133,"column":2},"end":{"line":133,"column":null}},"53":{"start":{"line":133,"column":15},"end":{"line":133,"column":null}},"54":{"start":{"line":134,"column":20},"end":{"line":134,"column":null}},"55":{"start":{"line":135,"column":2},"end":{"line":138,"column":null}},"56":{"start":{"line":143,"column":32},"end":{"line":143,"column":null}},"57":{"start":{"line":144,"column":38},"end":{"line":144,"column":null}},"58":{"start":{"line":145,"column":36},"end":{"line":145,"column":null}},"59":{"start":{"line":146,"column":42},"end":{"line":146,"column":null}},"60":{"start":{"line":147,"column":36},"end":{"line":147,"column":null}},"61":{"start":{"line":150,"column":2},"end":{"line":165,"column":null}},"62":{"start":{"line":151,"column":17},"end":{"line":161,"column":null}},"63":{"start":{"line":152,"column":27},"end":{"line":155,"column":null}},"64":{"start":{"line":156,"column":6},"end":{"line":156,"column":null}},"65":{"start":{"line":156,"column":37},"end":{"line":156,"column":null}},"66":{"start":{"line":157,"column":6},"end":{"line":160,"column":null}},"67":{"start":{"line":158,"column":8},"end":{"line":158,"column":null}},"68":{"start":{"line":159,"column":8},"end":{"line":159,"column":null}},"69":{"start":{"line":162,"column":4},"end":{"line":162,"column":null}},"70":{"start":{"line":163,"column":15},"end":{"line":163,"column":null}},"71":{"start":{"line":164,"column":4},"end":{"line":164,"column":null}},"72":{"start":{"line":164,"column":17},"end":{"line":164,"column":null}},"73":{"start":{"line":167,"column":17},"end":{"line":167,"column":null}},"74":{"start":{"line":167,"column":31},"end":{"line":167,"column":73}},"75":{"start":{"line":169,"column":20},"end":{"line":169,"column":null}},"76":{"start":{"line":170,"column":20},"end":{"line":170,"column":null}},"77":{"start":{"line":171,"column":20},"end":{"line":171,"column":null}},"78":{"start":{"line":172,"column":20},"end":{"line":172,"column":null}},"79":{"start":{"line":174,"column":2},"end":{"line":241,"column":null}}},"fnMap":{"0":{"name":"getSimulatedFearGreed","decl":{"start":{"line":7,"column":9},"end":{"line":7,"column":33}},"loc":{"start":{"line":7,"column":33},"end":{"line":12,"column":null}},"line":7},"1":{"name":"getSimulatedBTCDominance","decl":{"start":{"line":14,"column":9},"end":{"line":14,"column":36}},"loc":{"start":{"line":14,"column":36},"end":{"line":18,"column":null}},"line":14},"2":{"name":"getSimulatedAltSeasonIndex","decl":{"start":{"line":20,"column":9},"end":{"line":20,"column":38}},"loc":{"start":{"line":20,"column":38},"end":{"line":22,"column":null}},"line":20},"3":{"name":"fetchFearGreed","decl":{"start":{"line":24,"column":15},"end":{"line":24,"column":32}},"loc":{"start":{"line":24,"column":32},"end":{"line":33,"column":null}},"line":24},"4":{"name":"fetchGlobalMetrics","decl":{"start":{"line":35,"column":15},"end":{"line":35,"column":36}},"loc":{"start":{"line":35,"column":36},"end":{"line":48,"column":null}},"line":35},"5":{"name":"fearGreedLabel","decl":{"start":{"line":50,"column":9},"end":{"line":50,"column":24}},"loc":{"start":{"line":50,"column":31},"end":{"line":56,"column":null}},"line":50},"6":{"name":"getMarketRegime","decl":{"start":{"line":58,"column":9},"end":{"line":58,"column":25}},"loc":{"start":{"line":58,"column":44},"end":{"line":64,"column":null}},"line":58},"7":{"name":"FearGreedGauge","decl":{"start":{"line":67,"column":9},"end":{"line":67,"column":24}},"loc":{"start":{"line":67,"column":35},"end":{"line":94,"column":null}},"line":67},"8":{"name":"ExchangeStatusDot","decl":{"start":{"line":97,"column":9},"end":{"line":97,"column":27}},"loc":{"start":{"line":97,"column":45},"end":{"line":104,"column":null}},"line":97},"9":{"name":"ExchangeStatusBar","decl":{"start":{"line":107,"column":9},"end":{"line":107,"column":27}},"loc":{"start":{"line":107,"column":47},"end":{"line":129,"column":null}},"line":107},"10":{"name":"VolumeDisplay","decl":{"start":{"line":132,"column":9},"end":{"line":132,"column":23}},"loc":{"start":{"line":132,"column":35},"end":{"line":140,"column":null}},"line":132},"11":{"name":"MarketPulse","decl":{"start":{"line":142,"column":24},"end":{"line":142,"column":38}},"loc":{"start":{"line":142,"column":38},"end":{"line":243,"column":null}},"line":142},"12":{"name":"(anonymous_12)","decl":{"start":{"line":150,"column":2},"end":{"line":150,"column":18}},"loc":{"start":{"line":150,"column":18},"end":{"line":165,"column":5}},"line":150},"13":{"name":"(anonymous_13)","decl":{"start":{"line":151,"column":17},"end":{"line":151,"column":29}},"loc":{"start":{"line":151,"column":29},"end":{"line":161,"column":null}},"line":151},"14":{"name":"(anonymous_14)","decl":{"start":{"line":164,"column":4},"end":{"line":164,"column":17}},"loc":{"start":{"line":164,"column":17},"end":{"line":164,"column":null}},"line":164},"15":{"name":"(anonymous_15)","decl":{"start":{"line":167,"column":17},"end":{"line":167,"column":31}},"loc":{"start":{"line":167,"column":31},"end":{"line":167,"column":73}},"line":167}},"branchMap":{"0":{"loc":{"start":{"line":27,"column":4},"end":{"line":27,"column":null}},"type":"if","locations":[{"start":{"line":27,"column":4},"end":{"line":27,"column":null}},{"start":{},"end":{}}],"line":27},"1":{"loc":{"start":{"line":30,"column":4},"end":{"line":30,"column":null}},"type":"if","locations":[{"start":{"line":30,"column":4},"end":{"line":30,"column":null}},{"start":{},"end":{}}],"line":30},"2":{"loc":{"start":{"line":38,"column":4},"end":{"line":38,"column":null}},"type":"if","locations":[{"start":{"line":38,"column":4},"end":{"line":38,"column":null}},{"start":{},"end":{}}],"line":38},"3":{"loc":{"start":{"line":43,"column":20},"end":{"line":43,"column":null}},"type":"cond-expr","locations":[{"start":{"line":43,"column":26},"end":{"line":43,"column":44}},{"start":{"line":43,"column":44},"end":{"line":43,"column":null}}],"line":43},"4":{"loc":{"start":{"line":44,"column":17},"end":{"line":44,"column":null}},"type":"cond-expr","locations":[{"start":{"line":44,"column":23},"end":{"line":44,"column":45}},{"start":{"line":44,"column":45},"end":{"line":44,"column":null}}],"line":44},"5":{"loc":{"start":{"line":51,"column":2},"end":{"line":51,"column":null}},"type":"if","locations":[{"start":{"line":51,"column":2},"end":{"line":51,"column":null}},{"start":{},"end":{}}],"line":51},"6":{"loc":{"start":{"line":52,"column":2},"end":{"line":52,"column":null}},"type":"if","locations":[{"start":{"line":52,"column":2},"end":{"line":52,"column":null}},{"start":{},"end":{}}],"line":52},"7":{"loc":{"start":{"line":53,"column":2},"end":{"line":53,"column":null}},"type":"if","locations":[{"start":{"line":53,"column":2},"end":{"line":53,"column":null}},{"start":{},"end":{}}],"line":53},"8":{"loc":{"start":{"line":54,"column":2},"end":{"line":54,"column":null}},"type":"if","locations":[{"start":{"line":54,"column":2},"end":{"line":54,"column":null}},{"start":{},"end":{}}],"line":54},"9":{"loc":{"start":{"line":59,"column":2},"end":{"line":59,"column":null}},"type":"if","locations":[{"start":{"line":59,"column":2},"end":{"line":59,"column":null}},{"start":{},"end":{}}],"line":59},"10":{"loc":{"start":{"line":59,"column":6},"end":{"line":59,"column":38}},"type":"binary-expr","locations":[{"start":{"line":59,"column":6},"end":{"line":59,"column":25}},{"start":{"line":59,"column":25},"end":{"line":59,"column":38}}],"line":59},"11":{"loc":{"start":{"line":60,"column":2},"end":{"line":60,"column":null}},"type":"if","locations":[{"start":{"line":60,"column":2},"end":{"line":60,"column":null}},{"start":{},"end":{}}],"line":60},"12":{"loc":{"start":{"line":60,"column":6},"end":{"line":60,"column":38}},"type":"binary-expr","locations":[{"start":{"line":60,"column":6},"end":{"line":60,"column":25}},{"start":{"line":60,"column":25},"end":{"line":60,"column":38}}],"line":60},"13":{"loc":{"start":{"line":61,"column":2},"end":{"line":61,"column":null}},"type":"if","locations":[{"start":{"line":61,"column":2},"end":{"line":61,"column":null}},{"start":{},"end":{}}],"line":61},"14":{"loc":{"start":{"line":61,"column":6},"end":{"line":61,"column":38}},"type":"binary-expr","locations":[{"start":{"line":61,"column":6},"end":{"line":61,"column":25}},{"start":{"line":61,"column":25},"end":{"line":61,"column":38}}],"line":61},"15":{"loc":{"start":{"line":62,"column":2},"end":{"line":62,"column":null}},"type":"if","locations":[{"start":{"line":62,"column":2},"end":{"line":62,"column":null}},{"start":{},"end":{}}],"line":62},"16":{"loc":{"start":{"line":100,"column":46},"end":{"line":100,"column":152}},"type":"cond-expr","locations":[{"start":{"line":100,"column":55},"end":{"line":100,"column":123}},{"start":{"line":100,"column":123},"end":{"line":100,"column":152}}],"line":100},"17":{"loc":{"start":{"line":112,"column":9},"end":{"line":113,"column":9}},"type":"cond-expr","locations":[{"start":{"line":112,"column":21},"end":{"line":112,"column":83}},{"start":{"line":112,"column":82},"end":{"line":113,"column":9}}],"line":112},"18":{"loc":{"start":{"line":122,"column":7},"end":{"line":125,"column":null}},"type":"binary-expr","locations":[{"start":{"line":122,"column":7},"end":{"line":122,"column":null}},{"start":{"line":123,"column":8},"end":{"line":125,"column":null}}],"line":122},"19":{"loc":{"start":{"line":133,"column":2},"end":{"line":133,"column":null}},"type":"if","locations":[{"start":{"line":133,"column":2},"end":{"line":133,"column":null}},{"start":{},"end":{}}],"line":133},"20":{"loc":{"start":{"line":134,"column":20},"end":{"line":134,"column":null}},"type":"cond-expr","locations":[{"start":{"line":134,"column":36},"end":{"line":134,"column":70}},{"start":{"line":134,"column":70},"end":{"line":134,"column":null}}],"line":134},"21":{"loc":{"start":{"line":134,"column":70},"end":{"line":134,"column":null}},"type":"cond-expr","locations":[{"start":{"line":134,"column":86},"end":{"line":134,"column":120}},{"start":{"line":134,"column":120},"end":{"line":134,"column":null}}],"line":134},"22":{"loc":{"start":{"line":156,"column":6},"end":{"line":156,"column":null}},"type":"if","locations":[{"start":{"line":156,"column":6},"end":{"line":156,"column":null}},{"start":{},"end":{}}],"line":156},"23":{"loc":{"start":{"line":157,"column":6},"end":{"line":160,"column":null}},"type":"if","locations":[{"start":{"line":157,"column":6},"end":{"line":160,"column":null}},{"start":{},"end":{}}],"line":157},"24":{"loc":{"start":{"line":169,"column":20},"end":{"line":169,"column":null}},"type":"binary-expr","locations":[{"start":{"line":169,"column":20},"end":{"line":169,"column":45}},{"start":{"line":169,"column":45},"end":{"line":169,"column":null}}],"line":169},"25":{"loc":{"start":{"line":170,"column":20},"end":{"line":170,"column":null}},"type":"binary-expr","locations":[{"start":{"line":170,"column":20},"end":{"line":170,"column":45}},{"start":{"line":170,"column":45},"end":{"line":170,"column":null}}],"line":170},"26":{"loc":{"start":{"line":171,"column":20},"end":{"line":171,"column":null}},"type":"binary-expr","locations":[{"start":{"line":171,"column":20},"end":{"line":171,"column":36}},{"start":{"line":171,"column":36},"end":{"line":171,"column":null}}],"line":171},"27":{"loc":{"start":{"line":172,"column":20},"end":{"line":172,"column":null}},"type":"binary-expr","locations":[{"start":{"line":172,"column":20},"end":{"line":172,"column":36}},{"start":{"line":172,"column":36},"end":{"line":172,"column":null}}],"line":172},"28":{"loc":{"start":{"line":178,"column":92},"end":{"line":178,"column":null}},"type":"cond-expr","locations":[{"start":{"line":178,"column":104},"end":{"line":178,"column":165}},{"start":{"line":178,"column":165},"end":{"line":178,"column":null}}],"line":178},"29":{"loc":{"start":{"line":179,"column":56},"end":{"line":179,"column":144}},"type":"cond-expr","locations":[{"start":{"line":179,"column":68},"end":{"line":179,"column":112}},{"start":{"line":179,"column":112},"end":{"line":179,"column":144}}],"line":179},"30":{"loc":{"start":{"line":180,"column":13},"end":{"line":180,"column":null}},"type":"cond-expr","locations":[{"start":{"line":180,"column":25},"end":{"line":180,"column":34}},{"start":{"line":180,"column":34},"end":{"line":180,"column":null}}],"line":180},"31":{"loc":{"start":{"line":219,"column":54},"end":{"line":219,"column":null}},"type":"cond-expr","locations":[{"start":{"line":219,"column":83},"end":{"line":219,"column":114}},{"start":{"line":219,"column":114},"end":{"line":219,"column":null}}],"line":219},"32":{"loc":{"start":{"line":220,"column":19},"end":{"line":220,"column":58}},"type":"cond-expr","locations":[{"start":{"line":220,"column":48},"end":{"line":220,"column":54}},{"start":{"line":220,"column":54},"end":{"line":220,"column":58}}],"line":220},"33":{"loc":{"start":{"line":232,"column":54},"end":{"line":232,"column":null}},"type":"cond-expr","locations":[{"start":{"line":232,"column":83},"end":{"line":232,"column":114}},{"start":{"line":232,"column":114},"end":{"line":232,"column":null}}],"line":232},"34":{"loc":{"start":{"line":233,"column":19},"end":{"line":233,"column":58}},"type":"cond-expr","locations":[{"start":{"line":233,"column":48},"end":{"line":233,"column":54}},{"start":{"line":233,"column":54},"end":{"line":233,"column":58}}],"line":233}},"s":{"0":1,"1":1,"2":1,"3":1,"4":1,"5":1,"6":1,"7":1,"8":1,"9":1,"10":0,"11":0,"12":0,"13":0,"14":1,"15":0,"16":0,"17":1,"18":1,"19":0,"20":0,"21":0,"22":0,"23":1,"24":1,"25":0,"26":2,"27":0,"28":2,"29":2,"30":0,"31":0,"32":0,"33":0,"34":0,"35":1,"36":0,"37":1,"38":1,"39":0,"40":0,"41":0,"42":0,"43":0,"44":2,"45":2,"46":2,"47":2,"48":2,"49":10,"50":2,"51":2,"52":4,"53":0,"54":4,"55":4,"56":2,"57":2,"58":2,"59":2,"60":2,"61":2,"62":1,"63":1,"64":0,"65":0,"66":0,"67":0,"68":0,"69":1,"70":1,"71":1,"72":1,"73":2,"74":1,"75":2,"76":2,"77":2,"78":2,"79":2},"f":{"0":1,"1":1,"2":1,"3":1,"4":1,"5":2,"6":1,"7":2,"8":10,"9":2,"10":4,"11":2,"12":1,"13":1,"14":1,"15":1},"b":{"0":[0,0],"1":[0,1],"2":[0,0],"3":[0,0],"4":[0,0],"5":[0,2],"6":[2,0],"7":[0,0],"8":[0,0],"9":[0,1],"10":[1,1],"11":[1,0],"12":[1,1],"13":[0,0],"14":[0,0],"15":[0,0],"16":[10,0],"17":[2,0],"18":[2,2],"19":[0,4],"20":[4,0],"21":[0,0],"22":[0,0],"23":[0,0],"24":[2,2],"25":[2,2],"26":[2,0],"27":[2,0],"28":[0,2],"29":[0,2],"30":[0,2],"31":[0,2],"32":[0,2],"33":[0,2],"34":[0,2]},"meta":{"lastBranch":35,"lastFunction":16,"lastStatement":80,"seen":{"f:7:9:7:33":0,"s:8:15:8:Infinity":0,"s:9:16:9:Infinity":1,"s:10:8:10:Infinity":2,"s:11:2:11:Infinity":3,"f:14:9:14:36":1,"s:15:15:15:Infinity":4,"s:16:8:16:Infinity":5,"s:17:2:17:Infinity":6,"f:20:9:20:38":2,"s:21:2:21:Infinity":7,"f:24:15:24:32":3,"s:25:2:31:Infinity":8,"s:26:16:26:Infinity":9,"b:27:4:27:Infinity:undefined:undefined:undefined:undefined":0,"s:27:4:27:Infinity":10,"s:27:17:27:Infinity":11,"s:28:17:28:Infinity":12,"s:29:16:29:Infinity":13,"b:30:4:30:Infinity:undefined:undefined:undefined:undefined":1,"s:30:4:30:Infinity":14,"s:30:21:30:Infinity":15,"s:32:2:32:Infinity":16,"f:35:15:35:36":4,"s:36:2:46:Infinity":17,"s:37:16:37:Infinity":18,"b:38:4:38:Infinity:undefined:undefined:undefined:undefined":2,"s:38:4:38:Infinity":19,"s:38:17:38:Infinity":20,"s:39:17:39:Infinity":21,"s:40:16:40:Infinity":22,"s:41:16:41:Infinity":23,"s:42:4:45:Infinity":24,"b:43:26:43:44:43:44:43:Infinity":3,"b:44:23:44:45:44:45:44:Infinity":4,"s:47:2:47:Infinity":25,"f:50:9:50:24":5,"b:51:2:51:Infinity:undefined:undefined:undefined:undefined":5,"s:51:2:51:Infinity":26,"s:51:19:51:Infinity":27,"b:52:2:52:Infinity:undefined:undefined:undefined:undefined":6,"s:52:2:52:Infinity":28,"s:52:19:52:Infinity":29,"b:53:2:53:Infinity:undefined:undefined:undefined:undefined":7,"s:53:2:53:Infinity":30,"s:53:19:53:Infinity":31,"b:54:2:54:Infinity:undefined:undefined:undefined:undefined":8,"s:54:2:54:Infinity":32,"s:54:19:54:Infinity":33,"s:55:2:55:Infinity":34,"f:58:9:58:25":6,"b:59:2:59:Infinity:undefined:undefined:undefined:undefined":9,"s:59:2:59:Infinity":35,"b:59:6:59:25:59:25:59:38":10,"s:59:38:59:Infinity":36,"b:60:2:60:Infinity:undefined:undefined:undefined:undefined":11,"s:60:2:60:Infinity":37,"b:60:6:60:25:60:25:60:38":12,"s:60:38:60:Infinity":38,"b:61:2:61:Infinity:undefined:undefined:undefined:undefined":13,"s:61:2:61:Infinity":39,"b:61:6:61:25:61:25:61:38":14,"s:61:38:61:Infinity":40,"b:62:2:62:Infinity:undefined:undefined:undefined:undefined":15,"s:62:2:62:Infinity":41,"s:62:23:62:Infinity":42,"s:63:2:63:Infinity":43,"f:67:9:67:24":7,"s:68:27:68:Infinity":44,"s:69:17:69:Infinity":45,"s:70:24:70:Infinity":46,"s:71:18:71:Infinity":47,"s:73:2:92:Infinity":48,"f:97:9:97:27":8,"s:98:2:102:Infinity":49,"b:100:55:100:123:100:123:100:152":16,"f:107:9:107:27":9,"s:108:20:108:Infinity":50,"s:109:2:127:Infinity":51,"b:112:21:112:83:112:82:113:9":17,"b:122:7:122:Infinity:123:8:125:Infinity":18,"f:132:9:132:23":10,"b:133:2:133:Infinity:undefined:undefined:undefined:undefined":19,"s:133:2:133:Infinity":52,"s:133:15:133:Infinity":53,"s:134:20:134:Infinity":54,"b:134:36:134:70:134:70:134:Infinity":20,"b:134:86:134:120:134:120:134:Infinity":21,"s:135:2:138:Infinity":55,"f:142:24:142:38":11,"s:143:32:143:Infinity":56,"s:144:38:144:Infinity":57,"s:145:36:145:Infinity":58,"s:146:42:146:Infinity":59,"s:147:36:147:Infinity":60,"s:150:2:165:Infinity":61,"f:150:2:150:18":12,"s:151:17:161:Infinity":62,"f:151:17:151:29":13,"s:152:27:155:Infinity":63,"b:156:6:156:Infinity:undefined:undefined:undefined:undefined":22,"s:156:6:156:Infinity":64,"s:156:37:156:Infinity":65,"b:157:6:160:Infinity:undefined:undefined:undefined:undefined":23,"s:157:6:160:Infinity":66,"s:158:8:158:Infinity":67,"s:159:8:159:Infinity":68,"s:162:4:162:Infinity":69,"s:163:15:163:Infinity":70,"s:164:4:164:Infinity":71,"f:164:4:164:17":14,"s:164:17:164:Infinity":72,"s:167:17:167:Infinity":73,"f:167:17:167:31":15,"s:167:31:167:73":74,"s:169:20:169:Infinity":75,"b:169:20:169:45:169:45:169:Infinity":24,"s:170:20:170:Infinity":76,"b:170:20:170:45:170:45:170:Infinity":25,"s:171:20:171:Infinity":77,"b:171:20:171:36:171:36:171:Infinity":26,"s:172:20:172:Infinity":78,"b:172:20:172:36:172:36:172:Infinity":27,"s:174:2:241:Infinity":79,"b:178:104:178:165:178:165:178:Infinity":28,"b:179:68:179:112:179:112:179:144":29,"b:180:25:180:34:180:34:180:Infinity":30,"b:219:83:219:114:219:114:219:Infinity":31,"b:220:48:220:54:220:54:220:58":32,"b:232:83:232:114:232:114:232:Infinity":33,"b:233:48:233:54:233:54:233:58":34},"fnNames":{}}}
,"/data/workspace/tradeflow/src/components/RiskScore.jsx": {"path":"/data/workspace/tradeflow/src/components/RiskScore.jsx","statementMap":{"0":{"start":{"line":6,"column":27},"end":{"line":13,"column":null}},"1":{"start":{"line":15,"column":20},"end":{"line":22,"column":null}},"2":{"start":{"line":25,"column":2},"end":{"line":25,"column":null}},"3":{"start":{"line":25,"column":31},"end":{"line":25,"column":45}},"4":{"start":{"line":29,"column":8},"end":{"line":29,"column":null}},"5":{"start":{"line":30,"column":15},"end":{"line":30,"column":null}},"6":{"start":{"line":33,"column":19},"end":{"line":33,"column":null}},"7":{"start":{"line":34,"column":22},"end":{"line":34,"column":null}},"8":{"start":{"line":35,"column":2},"end":{"line":37,"column":null}},"9":{"start":{"line":35,"column":25},"end":{"line":35,"column":null}},"10":{"start":{"line":36,"column":7},"end":{"line":37,"column":null}},"11":{"start":{"line":36,"column":30},"end":{"line":36,"column":null}},"12":{"start":{"line":37,"column":7},"end":{"line":37,"column":null}},"13":{"start":{"line":37,"column":30},"end":{"line":37,"column":null}},"14":{"start":{"line":40,"column":8},"end":{"line":40,"column":null}},"15":{"start":{"line":41,"column":2},"end":{"line":43,"column":null}},"16":{"start":{"line":41,"column":20},"end":{"line":41,"column":null}},"17":{"start":{"line":42,"column":7},"end":{"line":43,"column":null}},"18":{"start":{"line":42,"column":24},"end":{"line":42,"column":null}},"19":{"start":{"line":43,"column":7},"end":{"line":43,"column":null}},"20":{"start":{"line":43,"column":24},"end":{"line":43,"column":null}},"21":{"start":{"line":45,"column":2},"end":{"line":45,"column":null}},"22":{"start":{"line":50,"column":16},"end":{"line":50,"column":null}},"23":{"start":{"line":51,"column":2},"end":{"line":57,"column":null}},"24":{"start":{"line":52,"column":4},"end":{"line":55,"column":null}},"25":{"start":{"line":58,"column":2},"end":{"line":62,"column":null}},"26":{"start":{"line":68,"column":16},"end":{"line":68,"column":null}},"27":{"start":{"line":68,"column":30},"end":{"line":68,"column":55}},"28":{"start":{"line":69,"column":16},"end":{"line":69,"column":null}},"29":{"start":{"line":70,"column":17},"end":{"line":70,"column":null}},"30":{"start":{"line":71,"column":24},"end":{"line":71,"column":null}},"31":{"start":{"line":72,"column":18},"end":{"line":72,"column":null}},"32":{"start":{"line":74,"column":2},"end":{"line":103,"column":null}},"33":{"start":{"line":109,"column":16},"end":{"line":109,"column":null}},"34":{"start":{"line":109,"column":30},"end":{"line":109,"column":55}},"35":{"start":{"line":110,"column":16},"end":{"line":110,"column":null}},"36":{"start":{"line":113,"column":24},"end":{"line":113,"column":null}},"37":{"start":{"line":114,"column":28},"end":{"line":114,"column":null}},"38":{"start":{"line":115,"column":8},"end":{"line":115,"column":null}},"39":{"start":{"line":116,"column":27},"end":{"line":116,"column":null}},"40":{"start":{"line":118,"column":2},"end":{"line":141,"column":null}}},"fnMap":{"0":{"name":"getRiskLevel","decl":{"start":{"line":24,"column":9},"end":{"line":24,"column":22}},"loc":{"start":{"line":24,"column":29},"end":{"line":26,"column":null}},"line":24},"1":{"name":"(anonymous_1)","decl":{"start":{"line":25,"column":21},"end":{"line":25,"column":26}},"loc":{"start":{"line":25,"column":31},"end":{"line":25,"column":45}},"line":25},"2":{"name":"calculateRiskScore","decl":{"start":{"line":28,"column":16},"end":{"line":28,"column":35}},"loc":{"start":{"line":28,"column":40},"end":{"line":46,"column":null}},"line":28},"3":{"name":"RiskBadge","decl":{"start":{"line":49,"column":16},"end":{"line":49,"column":26}},"loc":{"start":{"line":49,"column":54},"end":{"line":64,"column":null}},"line":49},"4":{"name":"RiskScoreCard","decl":{"start":{"line":67,"column":16},"end":{"line":67,"column":30}},"loc":{"start":{"line":67,"column":39},"end":{"line":105,"column":null}},"line":67},"5":{"name":"(anonymous_5)","decl":{"start":{"line":68,"column":16},"end":{"line":68,"column":30}},"loc":{"start":{"line":68,"column":30},"end":{"line":68,"column":55}},"line":68},"6":{"name":"PositionSizingAdvice","decl":{"start":{"line":108,"column":16},"end":{"line":108,"column":37}},"loc":{"start":{"line":108,"column":70},"end":{"line":143,"column":null}},"line":108},"7":{"name":"(anonymous_7)","decl":{"start":{"line":109,"column":16},"end":{"line":109,"column":30}},"loc":{"start":{"line":109,"column":30},"end":{"line":109,"column":55}},"line":109}},"branchMap":{"0":{"loc":{"start":{"line":25,"column":9},"end":{"line":25,"column":null}},"type":"binary-expr","locations":[{"start":{"line":25,"column":9},"end":{"line":25,"column":50}},{"start":{"line":25,"column":50},"end":{"line":25,"column":null}}],"line":25},"1":{"loc":{"start":{"line":29,"column":24},"end":{"line":29,"column":54}},"type":"binary-expr","locations":[{"start":{"line":29,"column":24},"end":{"line":29,"column":40}},{"start":{"line":29,"column":40},"end":{"line":29,"column":52}},{"start":{"line":29,"column":52},"end":{"line":29,"column":54}}],"line":29},"2":{"loc":{"start":{"line":30,"column":15},"end":{"line":30,"column":null}},"type":"binary-expr","locations":[{"start":{"line":30,"column":15},"end":{"line":30,"column":51}},{"start":{"line":30,"column":51},"end":{"line":30,"column":null}}],"line":30},"3":{"loc":{"start":{"line":35,"column":2},"end":{"line":37,"column":null}},"type":"if","locations":[{"start":{"line":35,"column":2},"end":{"line":37,"column":null}},{"start":{"line":36,"column":7},"end":{"line":37,"column":null}}],"line":35},"4":{"loc":{"start":{"line":36,"column":7},"end":{"line":37,"column":null}},"type":"if","locations":[{"start":{"line":36,"column":7},"end":{"line":37,"column":null}},{"start":{"line":37,"column":7},"end":{"line":37,"column":null}}],"line":36},"5":{"loc":{"start":{"line":37,"column":7},"end":{"line":37,"column":null}},"type":"if","locations":[{"start":{"line":37,"column":7},"end":{"line":37,"column":null}},{"start":{},"end":{}}],"line":37},"6":{"loc":{"start":{"line":41,"column":2},"end":{"line":43,"column":null}},"type":"if","locations":[{"start":{"line":41,"column":2},"end":{"line":43,"column":null}},{"start":{"line":42,"column":7},"end":{"line":43,"column":null}}],"line":41},"7":{"loc":{"start":{"line":42,"column":7},"end":{"line":43,"column":null}},"type":"if","locations":[{"start":{"line":42,"column":7},"end":{"line":43,"column":null}},{"start":{"line":43,"column":7},"end":{"line":43,"column":null}}],"line":42},"8":{"loc":{"start":{"line":43,"column":7},"end":{"line":43,"column":null}},"type":"if","locations":[{"start":{"line":43,"column":7},"end":{"line":43,"column":null}},{"start":{},"end":{}}],"line":43},"9":{"loc":{"start":{"line":49,"column":35},"end":{"line":49,"column":54}},"type":"default-arg","locations":[{"start":{"line":49,"column":45},"end":{"line":49,"column":54}}],"line":49},"10":{"loc":{"start":{"line":51,"column":2},"end":{"line":57,"column":null}},"type":"if","locations":[{"start":{"line":51,"column":2},"end":{"line":57,"column":null}},{"start":{},"end":{}}],"line":51},"11":{"loc":{"start":{"line":97,"column":29},"end":{"line":97,"column":60}},"type":"binary-expr","locations":[{"start":{"line":97,"column":29},"end":{"line":97,"column":41}},{"start":{"line":97,"column":41},"end":{"line":97,"column":60}}],"line":97},"12":{"loc":{"start":{"line":108,"column":44},"end":{"line":108,"column":70}},"type":"default-arg","locations":[{"start":{"line":108,"column":61},"end":{"line":108,"column":70}}],"line":108},"13":{"loc":{"start":{"line":113,"column":24},"end":{"line":113,"column":null}},"type":"cond-expr","locations":[{"start":{"line":113,"column":37},"end":{"line":113,"column":42}},{"start":{"line":113,"column":42},"end":{"line":113,"column":null}}],"line":113},"14":{"loc":{"start":{"line":113,"column":42},"end":{"line":113,"column":null}},"type":"cond-expr","locations":[{"start":{"line":113,"column":55},"end":{"line":113,"column":60}},{"start":{"line":113,"column":60},"end":{"line":113,"column":null}}],"line":113},"15":{"loc":{"start":{"line":113,"column":60},"end":{"line":113,"column":null}},"type":"cond-expr","locations":[{"start":{"line":113,"column":73},"end":{"line":113,"column":78}},{"start":{"line":113,"column":78},"end":{"line":113,"column":null}}],"line":113},"16":{"loc":{"start":{"line":113,"column":78},"end":{"line":113,"column":null}},"type":"cond-expr","locations":[{"start":{"line":113,"column":91},"end":{"line":113,"column":96}},{"start":{"line":113,"column":96},"end":{"line":113,"column":null}}],"line":113},"17":{"loc":{"start":{"line":121,"column":9},"end":{"line":122,"column":9}},"type":"cond-expr","locations":[{"start":{"line":121,"column":27},"end":{"line":121,"column":98}},{"start":{"line":121,"column":97},"end":{"line":122,"column":9}}],"line":121},"18":{"loc":{"start":{"line":127,"column":50},"end":{"line":127,"column":139}},"type":"cond-expr","locations":[{"start":{"line":127,"column":68},"end":{"line":127,"column":100}},{"start":{"line":127,"column":100},"end":{"line":127,"column":139}}],"line":127},"19":{"loc":{"start":{"line":138,"column":7},"end":{"line":139,"column":null}},"type":"binary-expr","locations":[{"start":{"line":138,"column":7},"end":{"line":138,"column":null}},{"start":{"line":139,"column":8},"end":{"line":139,"column":null}}],"line":138}},"s":{"0":1,"1":1,"2":3,"3":8,"4":3,"5":3,"6":3,"7":3,"8":3,"9":0,"10":3,"11":1,"12":2,"13":0,"14":3,"15":3,"16":0,"17":3,"18":1,"19":2,"20":1,"21":3,"22":3,"23":3,"24":0,"25":3,"26":0,"27":0,"28":0,"29":0,"30":0,"31":0,"32":0,"33":0,"34":0,"35":0,"36":0,"37":0,"38":0,"39":0,"40":0},"f":{"0":3,"1":8,"2":3,"3":3,"4":0,"5":0,"6":0,"7":0},"b":{"0":[3,0],"1":[3,0,0],"2":[3,0],"3":[0,3],"4":[1,2],"5":[0,2],"6":[0,3],"7":[1,2],"8":[1,1],"9":[3],"10":[0,3],"11":[0,0],"12":[0],"13":[0,0],"14":[0,0],"15":[0,0],"16":[0,0],"17":[0,0],"18":[0,0],"19":[0,0]},"meta":{"lastBranch":20,"lastFunction":8,"lastStatement":41,"seen":{"s:6:27:13:Infinity":0,"s:15:20:22:Infinity":1,"f:24:9:24:22":0,"s:25:2:25:Infinity":2,"b:25:9:25:50:25:50:25:Infinity":0,"f:25:21:25:26":1,"s:25:31:25:45":3,"f:28:16:28:35":2,"s:29:8:29:Infinity":4,"b:29:24:29:40:29:40:29:52:29:52:29:54":1,"s:30:15:30:Infinity":5,"b:30:15:30:51:30:51:30:Infinity":2,"s:33:19:33:Infinity":6,"s:34:22:34:Infinity":7,"b:35:2:37:Infinity:36:7:37:Infinity":3,"s:35:2:37:Infinity":8,"s:35:25:35:Infinity":9,"b:36:7:37:Infinity:37:7:37:Infinity":4,"s:36:7:37:Infinity":10,"s:36:30:36:Infinity":11,"b:37:7:37:Infinity:undefined:undefined:undefined:undefined":5,"s:37:7:37:Infinity":12,"s:37:30:37:Infinity":13,"s:40:8:40:Infinity":14,"b:41:2:43:Infinity:42:7:43:Infinity":6,"s:41:2:43:Infinity":15,"s:41:20:41:Infinity":16,"b:42:7:43:Infinity:43:7:43:Infinity":7,"s:42:7:43:Infinity":17,"s:42:24:42:Infinity":18,"b:43:7:43:Infinity:undefined:undefined:undefined:undefined":8,"s:43:7:43:Infinity":19,"s:43:24:43:Infinity":20,"s:45:2:45:Infinity":21,"f:49:16:49:26":3,"b:49:45:49:54":9,"s:50:16:50:Infinity":22,"b:51:2:57:Infinity:undefined:undefined:undefined:undefined":10,"s:51:2:57:Infinity":23,"s:52:4:55:Infinity":24,"s:58:2:62:Infinity":25,"f:67:16:67:30":4,"s:68:16:68:Infinity":26,"f:68:16:68:30":5,"s:68:30:68:55":27,"s:69:16:69:Infinity":28,"s:70:17:70:Infinity":29,"s:71:24:71:Infinity":30,"s:72:18:72:Infinity":31,"s:74:2:103:Infinity":32,"b:97:29:97:41:97:41:97:60":11,"f:108:16:108:37":6,"b:108:61:108:70":12,"s:109:16:109:Infinity":33,"f:109:16:109:30":7,"s:109:30:109:55":34,"s:110:16:110:Infinity":35,"s:113:24:113:Infinity":36,"b:113:37:113:42:113:42:113:Infinity":13,"b:113:55:113:60:113:60:113:Infinity":14,"b:113:73:113:78:113:78:113:Infinity":15,"b:113:91:113:96:113:96:113:Infinity":16,"s:114:28:114:Infinity":37,"s:115:8:115:Infinity":38,"s:116:27:116:Infinity":39,"s:118:2:141:Infinity":40,"b:121:27:121:98:121:97:122:9":17,"b:127:68:127:100:127:100:127:139":18,"b:138:7:138:Infinity:139:8:139:Infinity":19},"fnNames":{}}}
,"/data/workspace/tradeflow/src/components/ui.jsx": {"path":"/data/workspace/tradeflow/src/components/ui.jsx","statementMap":{"0":{"start":{"line":6,"column":15},"end":{"line":8,"column":null}},"1":{"start":{"line":9,"column":17},"end":{"line":9,"column":null}},"2":{"start":{"line":10,"column":2},"end":{"line":10,"column":null}},"3":{"start":{"line":14,"column":2},"end":{"line":14,"column":null}},"4":{"start":{"line":18,"column":2},"end":{"line":26,"column":null}},"5":{"start":{"line":31,"column":19},"end":{"line":37,"column":null}},"6":{"start":{"line":38,"column":16},"end":{"line":43,"column":null}},"7":{"start":{"line":44,"column":2},"end":{"line":47,"column":null}},"8":{"start":{"line":52,"column":2},"end":{"line":65,"column":null}},"9":{"start":{"line":70,"column":2},"end":{"line":75,"column":null}},"10":{"start":{"line":80,"column":2},"end":{"line":89,"column":null}},"11":{"start":{"line":94,"column":2},"end":{"line":107,"column":null}},"12":{"start":{"line":101,"column":23},"end":{"line":101,"column":null}},"13":{"start":{"line":112,"column":19},"end":{"line":119,"column":null}},"14":{"start":{"line":120,"column":2},"end":{"line":123,"column":null}},"15":{"start":{"line":128,"column":2},"end":{"line":139,"column":null}},"16":{"start":{"line":144,"column":2},"end":{"line":144,"column":null}},"17":{"start":{"line":148,"column":2},"end":{"line":154,"column":null}}},"fnMap":{"0":{"name":"Card","decl":{"start":{"line":5,"column":16},"end":{"line":5,"column":21}},"loc":{"start":{"line":5,"column":92},"end":{"line":11,"column":null}},"line":5},"1":{"name":"CardBody","decl":{"start":{"line":13,"column":16},"end":{"line":13,"column":25}},"loc":{"start":{"line":13,"column":55},"end":{"line":15,"column":null}},"line":13},"2":{"name":"SectionHeader","decl":{"start":{"line":17,"column":16},"end":{"line":17,"column":30}},"loc":{"start":{"line":17,"column":84},"end":{"line":28,"column":null}},"line":17},"3":{"name":"Btn","decl":{"start":{"line":30,"column":16},"end":{"line":30,"column":20}},"loc":{"start":{"line":30,"column":94},"end":{"line":49,"column":null}},"line":30},"4":{"name":"LinkCard","decl":{"start":{"line":51,"column":16},"end":{"line":51,"column":25}},"loc":{"start":{"line":51,"column":101},"end":{"line":67,"column":null}},"line":51},"5":{"name":"Stat","decl":{"start":{"line":69,"column":16},"end":{"line":69,"column":21}},"loc":{"start":{"line":69,"column":88},"end":{"line":77,"column":null}},"line":69},"6":{"name":"Input","decl":{"start":{"line":79,"column":16},"end":{"line":79,"column":22}},"loc":{"start":{"line":79,"column":80},"end":{"line":91,"column":null}},"line":79},"7":{"name":"Toggle","decl":{"start":{"line":93,"column":16},"end":{"line":93,"column":23}},"loc":{"start":{"line":93,"column":90},"end":{"line":109,"column":null}},"line":93},"8":{"name":"(anonymous_8)","decl":{"start":{"line":101,"column":8},"end":{"line":101,"column":23}},"loc":{"start":{"line":101,"column":23},"end":{"line":101,"column":null}},"line":101},"9":{"name":"Badge","decl":{"start":{"line":111,"column":16},"end":{"line":111,"column":22}},"loc":{"start":{"line":111,"column":56},"end":{"line":125,"column":null}},"line":111},"10":{"name":"PageHeader","decl":{"start":{"line":127,"column":16},"end":{"line":127,"column":27}},"loc":{"start":{"line":127,"column":77},"end":{"line":141,"column":null}},"line":127},"11":{"name":"Divider","decl":{"start":{"line":143,"column":16},"end":{"line":143,"column":26}},"loc":{"start":{"line":143,"column":26},"end":{"line":145,"column":null}},"line":143},"12":{"name":"EmptyState","decl":{"start":{"line":147,"column":16},"end":{"line":147,"column":27}},"loc":{"start":{"line":147,"column":64},"end":{"line":156,"column":null}},"line":147}},"branchMap":{"0":{"loc":{"start":{"line":5,"column":33},"end":{"line":5,"column":49}},"type":"default-arg","locations":[{"start":{"line":5,"column":45},"end":{"line":5,"column":49}}],"line":5},"1":{"loc":{"start":{"line":5,"column":49},"end":{"line":5,"column":64}},"type":"default-arg","locations":[{"start":{"line":5,"column":57},"end":{"line":5,"column":64}}],"line":5},"2":{"loc":{"start":{"line":5,"column":64},"end":{"line":5,"column":80}},"type":"default-arg","locations":[{"start":{"line":5,"column":73},"end":{"line":5,"column":80}}],"line":5},"3":{"loc":{"start":{"line":6,"column":15},"end":{"line":8,"column":null}},"type":"cond-expr","locations":[{"start":{"line":7,"column":6},"end":{"line":7,"column":null}},{"start":{"line":8,"column":6},"end":{"line":8,"column":null}}],"line":6},"4":{"loc":{"start":{"line":9,"column":17},"end":{"line":9,"column":null}},"type":"cond-expr","locations":[{"start":{"line":9,"column":25},"end":{"line":9,"column":164}},{"start":{"line":9,"column":164},"end":{"line":9,"column":null}}],"line":9},"5":{"loc":{"start":{"line":13,"column":37},"end":{"line":13,"column":55}},"type":"default-arg","locations":[{"start":{"line":13,"column":49},"end":{"line":13,"column":55}}],"line":13},"6":{"loc":{"start":{"line":17,"column":66},"end":{"line":17,"column":84}},"type":"default-arg","locations":[{"start":{"line":17,"column":78},"end":{"line":17,"column":84}}],"line":17},"7":{"loc":{"start":{"line":21,"column":9},"end":{"line":21,"column":null}},"type":"binary-expr","locations":[{"start":{"line":21,"column":9},"end":{"line":21,"column":17}},{"start":{"line":21,"column":17},"end":{"line":21,"column":null}}],"line":21},"8":{"loc":{"start":{"line":23,"column":9},"end":{"line":23,"column":null}},"type":"binary-expr","locations":[{"start":{"line":23,"column":9},"end":{"line":23,"column":18}},{"start":{"line":23,"column":18},"end":{"line":23,"column":null}}],"line":23},"9":{"loc":{"start":{"line":30,"column":32},"end":{"line":30,"column":53}},"type":"default-arg","locations":[{"start":{"line":30,"column":42},"end":{"line":30,"column":53}}],"line":30},"10":{"loc":{"start":{"line":30,"column":53},"end":{"line":30,"column":66}},"type":"default-arg","locations":[{"start":{"line":30,"column":60},"end":{"line":30,"column":66}}],"line":30},"11":{"loc":{"start":{"line":30,"column":66},"end":{"line":30,"column":82}},"type":"default-arg","locations":[{"start":{"line":30,"column":78},"end":{"line":30,"column":82}}],"line":30},"12":{"loc":{"start":{"line":51,"column":52},"end":{"line":51,"column":83}},"type":"default-arg","locations":[{"start":{"line":51,"column":60},"end":{"line":51,"column":83}}],"line":51},"13":{"loc":{"start":{"line":58,"column":9},"end":{"line":59,"column":null}},"type":"binary-expr","locations":[{"start":{"line":58,"column":9},"end":{"line":58,"column":18}},{"start":{"line":58,"column":18},"end":{"line":59,"column":null}}],"line":58},"14":{"loc":{"start":{"line":69,"column":37},"end":{"line":69,"column":81}},"type":"default-arg","locations":[{"start":{"line":69,"column":45},"end":{"line":69,"column":81}}],"line":69},"15":{"loc":{"start":{"line":74,"column":7},"end":{"line":74,"column":null}},"type":"binary-expr","locations":[{"start":{"line":74,"column":7},"end":{"line":74,"column":14}},{"start":{"line":74,"column":14},"end":{"line":74,"column":null}}],"line":74},"16":{"loc":{"start":{"line":79,"column":37},"end":{"line":79,"column":52}},"type":"default-arg","locations":[{"start":{"line":79,"column":44},"end":{"line":79,"column":52}}],"line":79},"17":{"loc":{"start":{"line":79,"column":52},"end":{"line":79,"column":68}},"type":"default-arg","locations":[{"start":{"line":79,"column":64},"end":{"line":79,"column":68}}],"line":79},"18":{"loc":{"start":{"line":82,"column":7},"end":{"line":82,"column":null}},"type":"binary-expr","locations":[{"start":{"line":82,"column":7},"end":{"line":82,"column":16}},{"start":{"line":82,"column":16},"end":{"line":82,"column":null}}],"line":82},"19":{"loc":{"start":{"line":88,"column":7},"end":{"line":88,"column":null}},"type":"binary-expr","locations":[{"start":{"line":88,"column":7},"end":{"line":88,"column":15}},{"start":{"line":88,"column":15},"end":{"line":88,"column":null}}],"line":88},"20":{"loc":{"start":{"line":93,"column":57},"end":{"line":93,"column":90}},"type":"default-arg","locations":[{"start":{"line":93,"column":65},"end":{"line":93,"column":90}}],"line":93},"21":{"loc":{"start":{"line":98,"column":9},"end":{"line":99,"column":null}},"type":"binary-expr","locations":[{"start":{"line":98,"column":9},"end":{"line":98,"column":17}},{"start":{"line":98,"column":17},"end":{"line":99,"column":null}}],"line":98},"22":{"loc":{"start":{"line":102,"column":80},"end":{"line":102,"column":null}},"type":"cond-expr","locations":[{"start":{"line":102,"column":90},"end":{"line":102,"column":95}},{"start":{"line":102,"column":95},"end":{"line":102,"column":null}}],"line":102},"23":{"loc":{"start":{"line":103,"column":15},"end":{"line":103,"column":null}},"type":"cond-expr","locations":[{"start":{"line":103,"column":25},"end":{"line":103,"column":49}},{"start":{"line":103,"column":49},"end":{"line":103,"column":null}}],"line":103},"24":{"loc":{"start":{"line":105,"column":102},"end":{"line":105,"column":143}},"type":"cond-expr","locations":[{"start":{"line":105,"column":112},"end":{"line":105,"column":128}},{"start":{"line":105,"column":128},"end":{"line":105,"column":143}}],"line":105},"25":{"loc":{"start":{"line":111,"column":34},"end":{"line":111,"column":56}},"type":"default-arg","locations":[{"start":{"line":111,"column":44},"end":{"line":111,"column":56}}],"line":111},"26":{"loc":{"start":{"line":132,"column":11},"end":{"line":132,"column":null}},"type":"binary-expr","locations":[{"start":{"line":132,"column":11},"end":{"line":132,"column":19}},{"start":{"line":132,"column":19},"end":{"line":132,"column":null}}],"line":132},"27":{"loc":{"start":{"line":134,"column":11},"end":{"line":134,"column":null}},"type":"binary-expr","locations":[{"start":{"line":134,"column":11},"end":{"line":134,"column":20}},{"start":{"line":134,"column":20},"end":{"line":134,"column":null}}],"line":134},"28":{"loc":{"start":{"line":136,"column":9},"end":{"line":137,"column":null}},"type":"binary-expr","locations":[{"start":{"line":136,"column":9},"end":{"line":136,"column":21}},{"start":{"line":136,"column":21},"end":{"line":137,"column":null}}],"line":136},"29":{"loc":{"start":{"line":138,"column":7},"end":{"line":139,"column":null}},"type":"binary-expr","locations":[{"start":{"line":138,"column":7},"end":{"line":138,"column":19}},{"start":{"line":138,"column":19},"end":{"line":139,"column":null}}],"line":138},"30":{"loc":{"start":{"line":150,"column":7},"end":{"line":150,"column":null}},"type":"binary-expr","locations":[{"start":{"line":150,"column":7},"end":{"line":150,"column":15}},{"start":{"line":150,"column":15},"end":{"line":150,"column":null}}],"line":150}},"s":{"0":214,"1":214,"2":214,"3":106,"4":72,"5":102,"6":102,"7":102,"8":30,"9":38,"10":2,"11":19,"12":0,"13":58,"14":58,"15":19,"16":62,"17":2},"f":{"0":214,"1":106,"2":72,"3":102,"4":30,"5":38,"6":2,"7":19,"8":0,"9":58,"10":19,"11":62,"12":2},"b":{"0":[214],"1":[214],"2":[214],"3":[5,209],"4":[67,147],"5":[106],"6":[72],"7":[72,72],"8":[72,20],"9":[102],"10":[102],"11":[102],"12":[30],"13":[30,0],"14":[38],"15":[38,11],"16":[2],"17":[2],"18":[2,1],"19":[2,1],"20":[19],"21":[19,9],"22":[12,7],"23":[12,7],"24":[12,7],"25":[58],"26":[19,19],"27":[19,0],"28":[19,19],"29":[19,16],"30":[2,2]},"meta":{"lastBranch":31,"lastFunction":13,"lastStatement":18,"seen":{"f:5:16:5:21":0,"b:5:45:5:49":0,"b:5:57:5:64":1,"b:5:73:5:80":2,"s:6:15:8:Infinity":0,"b:7:6:7:Infinity:8:6:8:Infinity":3,"s:9:17:9:Infinity":1,"b:9:25:9:164:9:164:9:Infinity":4,"s:10:2:10:Infinity":2,"f:13:16:13:25":1,"b:13:49:13:55":5,"s:14:2:14:Infinity":3,"f:17:16:17:30":2,"b:17:78:17:84":6,"s:18:2:26:Infinity":4,"b:21:9:21:17:21:17:21:Infinity":7,"b:23:9:23:18:23:18:23:Infinity":8,"f:30:16:30:20":3,"b:30:42:30:53":9,"b:30:60:30:66":10,"b:30:78:30:82":11,"s:31:19:37:Infinity":5,"s:38:16:43:Infinity":6,"s:44:2:47:Infinity":7,"f:51:16:51:25":4,"b:51:60:51:83":12,"s:52:2:65:Infinity":8,"b:58:9:58:18:58:18:59:Infinity":13,"f:69:16:69:21":5,"b:69:45:69:81":14,"s:70:2:75:Infinity":9,"b:74:7:74:14:74:14:74:Infinity":15,"f:79:16:79:22":6,"b:79:44:79:52":16,"b:79:64:79:68":17,"s:80:2:89:Infinity":10,"b:82:7:82:16:82:16:82:Infinity":18,"b:88:7:88:15:88:15:88:Infinity":19,"f:93:16:93:23":7,"b:93:65:93:90":20,"s:94:2:107:Infinity":11,"b:98:9:98:17:98:17:99:Infinity":21,"f:101:8:101:23":8,"s:101:23:101:Infinity":12,"b:102:90:102:95:102:95:102:Infinity":22,"b:103:25:103:49:103:49:103:Infinity":23,"b:105:112:105:128:105:128:105:143":24,"f:111:16:111:22":9,"b:111:44:111:56":25,"s:112:19:119:Infinity":13,"s:120:2:123:Infinity":14,"f:127:16:127:27":10,"s:128:2:139:Infinity":15,"b:132:11:132:19:132:19:132:Infinity":26,"b:134:11:134:20:134:20:134:Infinity":27,"b:136:9:136:21:136:21:137:Infinity":28,"b:138:7:138:19:138:19:139:Infinity":29,"f:143:16:143:26":11,"s:144:2:144:Infinity":16,"f:147:16:147:27":12,"s:148:2:154:Infinity":17,"b:150:7:150:15:150:15:150:Infinity":30},"fnNames":{}}}
,"/data/workspace/tradeflow/src/components/autopilot/AmountSelector.jsx": {"path":"/data/workspace/tradeflow/src/components/autopilot/AmountSelector.jsx","statementMap":{"0":{"start":{"line":4,"column":18},"end":{"line":4,"column":null}},"1":{"start":{"line":5,"column":2},"end":{"line":59,"column":null}},"2":{"start":{"line":19,"column":24},"end":{"line":19,"column":null}},"3":{"start":{"line":21,"column":24},"end":{"line":21,"column":null}},"4":{"start":{"line":22,"column":24},"end":{"line":22,"column":null}},"5":{"start":{"line":23,"column":12},"end":{"line":23,"column":null}},"6":{"start":{"line":23,"column":29},"end":{"line":23,"column":null}},"7":{"start":{"line":30,"column":10},"end":{"line":40,"column":null}},"8":{"start":{"line":32,"column":27},"end":{"line":32,"column":null}},"9":{"start":{"line":49,"column":23},"end":{"line":49,"column":null}}},"fnMap":{"0":{"name":"AmountSelector","decl":{"start":{"line":3,"column":24},"end":{"line":3,"column":39}},"loc":{"start":{"line":3,"column":60},"end":{"line":61,"column":null}},"line":3},"1":{"name":"(anonymous_1)","decl":{"start":{"line":19,"column":10},"end":{"line":19,"column":19}},"loc":{"start":{"line":19,"column":24},"end":{"line":19,"column":null}},"line":19},"2":{"name":"(anonymous_2)","decl":{"start":{"line":20,"column":10},"end":{"line":20,"column":20}},"loc":{"start":{"line":20,"column":25},"end":{"line":24,"column":null}},"line":20},"3":{"name":"(anonymous_3)","decl":{"start":{"line":29,"column":17},"end":{"line":29,"column":21}},"loc":{"start":{"line":30,"column":10},"end":{"line":40,"column":null}},"line":30},"4":{"name":"(anonymous_4)","decl":{"start":{"line":32,"column":12},"end":{"line":32,"column":27}},"loc":{"start":{"line":32,"column":27},"end":{"line":32,"column":null}},"line":32},"5":{"name":"(anonymous_5)","decl":{"start":{"line":49,"column":8},"end":{"line":49,"column":18}},"loc":{"start":{"line":49,"column":23},"end":{"line":49,"column":null}},"line":49}},"branchMap":{"0":{"loc":{"start":{"line":23,"column":12},"end":{"line":23,"column":null}},"type":"if","locations":[{"start":{"line":23,"column":12},"end":{"line":23,"column":null}},{"start":{},"end":{}}],"line":23},"1":{"loc":{"start":{"line":34,"column":14},"end":{"line":36,"column":null}},"type":"cond-expr","locations":[{"start":{"line":35,"column":18},"end":{"line":35,"column":null}},{"start":{"line":36,"column":18},"end":{"line":36,"column":null}}],"line":34}},"s":{"0":1,"1":1,"2":0,"3":0,"4":0,"5":0,"6":0,"7":5,"8":0,"9":0},"f":{"0":1,"1":0,"2":0,"3":5,"4":0,"5":0},"b":{"0":[0,0],"1":[1,4]},"meta":{"lastBranch":2,"lastFunction":6,"lastStatement":10,"seen":{"f:3:24:3:39":0,"s:4:18:4:Infinity":0,"s:5:2:59:Infinity":1,"f:19:10:19:19":1,"s:19:24:19:Infinity":2,"f:20:10:20:20":2,"s:21:24:21:Infinity":3,"s:22:24:22:Infinity":4,"b:23:12:23:Infinity:undefined:undefined:undefined:undefined":0,"s:23:12:23:Infinity":5,"s:23:29:23:Infinity":6,"f:29:17:29:21":3,"s:30:10:40:Infinity":7,"f:32:12:32:27":4,"s:32:27:32:Infinity":8,"b:35:18:35:Infinity:36:18:36:Infinity":1,"f:49:8:49:18":5,"s:49:23:49:Infinity":9},"fnNames":{}}}
,"/data/workspace/tradeflow/src/components/autopilot/ConfigPanel.jsx": {"path":"/data/workspace/tradeflow/src/components/autopilot/ConfigPanel.jsx","statementMap":{"0":{"start":{"line":4,"column":2},"end":{"line":4,"column":null}},"1":{"start":{"line":4,"column":14},"end":{"line":4,"column":null}},"2":{"start":{"line":5,"column":17},"end":{"line":5,"column":null}},"3":{"start":{"line":6,"column":21},"end":{"line":6,"column":null}},"4":{"start":{"line":7,"column":23},"end":{"line":7,"column":null}},"5":{"start":{"line":8,"column":24},"end":{"line":8,"column":null}},"6":{"start":{"line":9,"column":23},"end":{"line":12,"column":null}},"7":{"start":{"line":14,"column":2},"end":{"line":81,"column":null}},"8":{"start":{"line":26,"column":24},"end":{"line":26,"column":null}},"9":{"start":{"line":27,"column":22},"end":{"line":27,"column":null}},"10":{"start":{"line":28,"column":25},"end":{"line":28,"column":null}},"11":{"start":{"line":29,"column":24},"end":{"line":29,"column":null}},"12":{"start":{"line":30,"column":25},"end":{"line":30,"column":null}},"13":{"start":{"line":31,"column":10},"end":{"line":61,"column":null}},"14":{"start":{"line":48,"column":31},"end":{"line":48,"column":null}},"15":{"start":{"line":70,"column":29},"end":{"line":70,"column":52}},"16":{"start":{"line":72,"column":14},"end":{"line":77,"column":null}}},"fnMap":{"0":{"name":"ConfigPanel","decl":{"start":{"line":3,"column":24},"end":{"line":3,"column":36}},"loc":{"start":{"line":3,"column":116},"end":{"line":83,"column":null}},"line":3},"1":{"name":"(anonymous_1)","decl":{"start":{"line":25,"column":20},"end":{"line":25,"column":24}},"loc":{"start":{"line":25,"column":29},"end":{"line":63,"column":9}},"line":25},"2":{"name":"(anonymous_2)","decl":{"start":{"line":48,"column":16},"end":{"line":48,"column":26}},"loc":{"start":{"line":48,"column":31},"end":{"line":48,"column":null}},"line":48},"3":{"name":"(anonymous_3)","decl":{"start":{"line":70,"column":13},"end":{"line":70,"column":21}},"loc":{"start":{"line":70,"column":29},"end":{"line":70,"column":52}},"line":70},"4":{"name":"(anonymous_4)","decl":{"start":{"line":71,"column":13},"end":{"line":71,"column":18}},"loc":{"start":{"line":72,"column":14},"end":{"line":77,"column":null}},"line":72}},"branchMap":{"0":{"loc":{"start":{"line":4,"column":2},"end":{"line":4,"column":null}},"type":"if","locations":[{"start":{"line":4,"column":2},"end":{"line":4,"column":null}},{"start":{},"end":{}}],"line":4},"1":{"loc":{"start":{"line":26,"column":24},"end":{"line":26,"column":null}},"type":"cond-expr","locations":[{"start":{"line":26,"column":43},"end":{"line":26,"column":57}},{"start":{"line":26,"column":57},"end":{"line":26,"column":null}}],"line":26},"2":{"loc":{"start":{"line":35,"column":19},"end":{"line":36,"column":null}},"type":"cond-expr","locations":[{"start":{"line":35,"column":28},"end":{"line":35,"column":77}},{"start":{"line":35,"column":76},"end":{"line":36,"column":null}}],"line":35},"3":{"loc":{"start":{"line":38,"column":54},"end":{"line":38,"column":null}},"type":"cond-expr","locations":[{"start":{"line":38,"column":63},"end":{"line":38,"column":80}},{"start":{"line":38,"column":80},"end":{"line":38,"column":null}}],"line":38},"4":{"loc":{"start":{"line":49,"column":83},"end":{"line":49,"column":null}},"type":"cond-expr","locations":[{"start":{"line":49,"column":92},"end":{"line":49,"column":111}},{"start":{"line":49,"column":111},"end":{"line":49,"column":null}}],"line":49},"5":{"loc":{"start":{"line":51,"column":59},"end":{"line":51,"column":123}},"type":"cond-expr","locations":[{"start":{"line":51,"column":68},"end":{"line":51,"column":96}},{"start":{"line":51,"column":96},"end":{"line":51,"column":123}}],"line":51},"6":{"loc":{"start":{"line":51,"column":130},"end":{"line":51,"column":194}},"type":"cond-expr","locations":[{"start":{"line":51,"column":139},"end":{"line":51,"column":167}},{"start":{"line":51,"column":167},"end":{"line":51,"column":194}}],"line":51},"7":{"loc":{"start":{"line":57,"column":19},"end":{"line":57,"column":null}},"type":"cond-expr","locations":[{"start":{"line":57,"column":28},"end":{"line":57,"column":68}},{"start":{"line":57,"column":68},"end":{"line":57,"column":null}}],"line":57}},"s":{"0":0,"1":0,"2":0,"3":0,"4":0,"5":0,"6":0,"7":0,"8":0,"9":0,"10":0,"11":0,"12":0,"13":0,"14":0,"15":0,"16":0},"f":{"0":0,"1":0,"2":0,"3":0,"4":0},"b":{"0":[0,0],"1":[0,0],"2":[0,0],"3":[0,0],"4":[0,0],"5":[0,0],"6":[0,0],"7":[0,0]},"meta":{"lastBranch":8,"lastFunction":5,"lastStatement":17,"seen":{"f:3:24:3:36":0,"b:4:2:4:Infinity:undefined:undefined:undefined:undefined":0,"s:4:2:4:Infinity":0,"s:4:14:4:Infinity":1,"s:5:17:5:Infinity":2,"s:6:21:6:In
[...]
)","decl":{"start":{"line":71,"column":28},"end":{"line":71,"column":36}},"loc":{"start":{"line":71,"column":45},"end":{"line":74,"column":7}},"line":71},"13":{"name":"(anonymous_13)","decl":{"start":{"line":78,"column":7},"end":{"line":78,"column":14}},"loc":{"start":{"line":78,"column":19},"end":{"line":78,"column":44}},"line":78},"14":{"name":"(anonymous_14)","decl":{"start":{"line":79,"column":7},"end":{"line":79,"column":11}},"loc":{"start":{"line":79,"column":11},"end":{"line":79,"column":72}},"line":79},"15":{"name":"(anonymous_15)","decl":{"start":{"line":81,"column":18},"end":{"line":81,"column":26}},"loc":{"start":{"line":81,"column":35},"end":{"line":81,"column":42}},"line":81},"16":{"name":"(anonymous_16)","decl":{"start":{"line":94,"column":5},"end":{"line":94,"column":11}},"loc":{"start":{"line":94,"column":20},"end":{"line":94,"column":37}},"line":94},"17":{"name":"equityCurve","decl":{"start":{"line":101,"column":16},"end":{"line":101,"column":28}},"loc":{"start":{"line":101,"column":61},"end":{"line":118,"column":null}},"line":101},"18":{"name":"(anonymous_18)","decl":{"start":{"line":103,"column":5},"end":{"line":103,"column":12}},"loc":{"start":{"line":103,"column":17},"end":{"line":103,"column":28}},"line":103},"19":{"name":"(anonymous_19)","decl":{"start":{"line":104,"column":5},"end":{"line":104,"column":11}},"loc":{"start":{"line":104,"column":20},"end":{"line":104,"column":65}},"line":104},"20":{"name":"maxDrawdown","decl":{"start":{"line":123,"column":16},"end":{"line":123,"column":28}},"loc":{"start":{"line":123,"column":35},"end":{"line":154,"column":null}},"line":123},"21":{"name":"sharpeRatio","decl":{"start":{"line":159,"column":16},"end":{"line":159,"column":28}},"loc":{"start":{"line":159,"column":56},"end":{"line":174,"column":null}},"line":159},"22":{"name":"(anonymous_22)","decl":{"start":{"line":168,"column":23},"end":{"line":168,"column":31}},"loc":{"start":{"line":168,"column":40},"end":{"line":168,"column":47}},"line":168},"23":{"name":"(anonymous_23)","decl":{"start":{"line":169,"column":27},"end":{"line":169,"column":35}},"loc":{"start":{"line":169,"column":44},"end":{"line":169,"column":65}},"line":169},"24":{"name":"tradeSummary","decl":{"start":{"line":179,"column":16},"end":{"line":179,"column":29}},"loc":{"start":{"line":179,"column":37},"end":{"line":200,"column":null}},"line":179},"25":{"name":"(anonymous_25)","decl":{"start":{"line":181,"column":21},"end":{"line":181,"column":28}},"loc":{"start":{"line":181,"column":33},"end":{"line":181,"column":91}},"line":181},"26":{"name":"(anonymous_26)","decl":{"start":{"line":183,"column":20},"end":{"line":183,"column":27}},"loc":{"start":{"line":183,"column":32},"end":{"line":183,"column":37}},"line":183},"27":{"name":"(anonymous_27)","decl":{"start":{"line":184,"column":22},"end":{"line":184,"column":29}},"loc":{"start":{"line":184,"column":34},"end":{"line":184,"column":39}},"line":184},"28":{"name":"(anonymous_28)","decl":{"start":{"line":191,"column":20},"end":{"line":191,"column":28}},"loc":{"start":{"line":191,"column":37},"end":{"line":191,"column":44}},"line":191},"29":{"name":"(anonymous_29)","decl":{"start":{"line":192,"column":37},"end":{"line":192,"column":45}},"loc":{"start":{"line":192,"column":54},"end":{"line":192,"column":61}},"line":192},"30":{"name":"(anonymous_30)","decl":{"start":{"line":193,"column":42},"end":{"line":193,"column":50}},"loc":{"start":{"line":193,"column":59},"end":{"line":193,"column":66}},"line":193},"31":{"name":"(anonymous_31)","decl":{"start":{"line":197,"column":23},"end":{"line":197,"column":31}},"loc":{"start":{"line":197,"column":40},"end":{"line":197,"column":47}},"line":197},"32":{"name":"(anonymous_32)","decl":{"start":{"line":197,"column":59},"end":{"line":197,"column":67}},"loc":{"start":{"line":197,"column":76},"end":{"line":197,"column":83}},"line":197}},"branchMap":{"0":{"loc":{"start":{"line":12,"column":2},"end":{"line":12,"column":null}},"type":"if","locations":[{"start":{"line":12,"column":2},"end":{"line":12,"column":null}},{"start":{},"end":{}}],"line":12},"1":{"loc":{"start":{"line":13,"column":2},"end":{"line":16,"column":null}},"type":"if","locations":[{"start":{"line":13,"column":2},"end":{"line":16,"column":null}},{"start":{},"end":{}}],"line":13},"2":{"loc":{"start":{"line":13,"column":6},"end":{"line":13,"column":59}},"type":"binary-expr","locations":[{"start":{"line":13,"column":6},"end":{"line":13,"column":33}},{"start":{"line":13,"column":33},"end":{"line":13,"column":59}}],"line":13},"3":{"loc":{"start":{"line":14,"column":16},"end":{"line":14,"column":null}},"type":"cond-expr","locations":[{"start":{"line":14,"column":40},"end":{"line":14,"column":45}},{"start":{"line":14,"column":45},"end":{"line":14,"column":null}}],"line":14},"4":{"loc":{"start":{"line":25,"column":17},"end":{"line":25,"column":94}},"type":"binary-expr","locations":[{"start":{"line":25,"column":17},"end":{"line":25,"column":31}},{"start":{"line":25,"column":31},"end":{"line":25,"column":55}},{"start":{"line":25,"column":55},"end":{"line":25,"column":72}},{"start":{"line":25,"column":72},"end":{"line":25,"column":94}}],"line":25},"5":{"loc":{"start":{"line":35,"column":16},"end":{"line":35,"column":null}},"type":"cond-expr","locations":[{"start":{"line":35,"column":36},"end":{"line":35,"column":41}},{"start":{"line":35,"column":41},"end":{"line":35,"column":null}}],"line":35},"6":{"loc":{"start":{"line":45,"column":37},"end":{"line":45,"column":47}},"type":"binary-expr","locations":[{"start":{"line":45,"column":37},"end":{"line":45,"column":45}},{"start":{"line":45,"column":45},"end":{"line":45,"column":47}}],"line":45},"7":{"loc":{"start":{"line":51,"column":21},"end":{"line":51,"column":null}},"type":"binary-expr","locations":[{"start":{"line":51,"column":21},"end":{"line":51,"column":38}},{"start":{"line":51,"column":38},"end":{"line":51,"column":56}},{"start":{"line":51,"column":56},"end":{"line":51,"column":null}}],"line":51},"8":{"loc":{"start":{"line":52,"column":4},"end":{"line":54,"column":null}},"type":"if","locations":[{"start":{"line":52,"column":4},"end":{"line":54,"column":null}},{"start":{},"end":{}}],"line":52},"9":{"loc":{"start":{"line":59,"column":20},"end":{"line":59,"column":37}},"type":"binary-expr","locations":[{"start":{"line":59,"column":20},"end":{"line":59,"column":33}},{"start":{"line":59,"column":33},"end":{"line":59,"column":37}}],"line":59},"10":{"loc":{"start":{"line":60,"column":21},"end":{"line":60,"column":null}},"type":"binary-expr","locations":[{"start":{"line":60,"column":21},"end":{"line":60,"column":37}},{"start":{"line":60,"column":37},"end":{"line":60,"column":null}}],"line":60},"11":{"loc":{"start":{"line":61,"column":4},"end":{"line":63,"column":null}},"type":"if","locations":[{"start":{"line":61,"column":4},"end":{"line":63,"column":null}},{"start":{},"end":{}}],"line":61},"12":{"loc":{"start":{"line":68,"column":45},"end":{"line":68,"column":103}},"type":"binary-expr","locations":[{"start":{"line":68,"column":45},"end":{"line":68,"column":59}},{"start":{"line":68,"column":59},"end":{"line":68,"column":82}},{"start":{"line":68,"column":82},"end":{"line":68,"column":103}}],"line":68},"13":{"loc":{"start":{"line":72,"column":18},"end":{"line":72,"column":null}},"type":"cond-expr","locations":[{"start":{"line":72,"column":38},"end":{"line":72,"column":43}},{"start":{"line":72,"column":43},"end":{"line":72,"column":null}}],"line":72},"14":{"loc":{"start":{"line":73,"column":25},"end":{"line":73,"column":59}},"type":"binary-expr","locations":[{"start":{"line":73,"column":25},"end":{"line":73,"column":43}},{"start":{"line":73,"column":43},"end":{"line":73,"column":59}}],"line":73},"15":{"loc":{"start":{"line":78,"column":19},"end":{"line":78,"column":44}},"type":"binary-expr","locations":[{"start":{"line":78,"column":19},"end":{"line":78,"column":34}},{"start":{"line":78,"column":34},"end":{"line":78,"column":44}}],"line":78},"16":{"loc":{"start":{"line":80,"column":24},"end":{"line":82,"column":null}},"type":"cond-expr","locations":[{"start":{"line":81,"column":8},"end":{"line":81,"column":null}},{"start":{"line":82,"column":8},"end":{"line":82,"column":null}}],"line":80},"17":{"loc":{"start":{"line":91,"column":15},"end":{"line":91,"column":null}},"type":"cond-expr","locations":[{"start":{"line":91,"column":41},"end":{"line":91,"column":92}},{"start":{"line":91,"column":92},"end":{"line":91,"column":null}}],"line":91},"18":{"loc":{"start":{"line":101,"column":36},"end":{"line":101,"column":61}},"type":"default-arg","locations":[{"start":{"line":101,"column":54},"end":{"line":101,"column":61}}],"line":101},"19":{"loc":{"start":{"line":111,"column":17},"end":{"line":113,"column":null}},"type":"cond-expr","locations":[{"start":{"line":112,"column":8},"end":{"line":112,"column":null}},{"start":{"line":113,"column":8},"end":{"line":113,"column":null}}],"line":111},"20":{"loc":{"start":{"line":124,"column":2},"end":{"line":124,"column":null}},"type":"if","locations":[{"start":{"line":124,"column":2},"end":{"line":124,"column":null}},{"start":{},"end":{}}],"line":124},"21":{"loc":{"start":{"line":134,"column":4},"end":{"line":137,"column":null}},"type":"if","locations":[{"start":{"line":134,"column":4},"end":{"line":137,"column":null}},{"start":{},"end":{}}],"line":134},"22":{"loc":{"start":{"line":139,"column":18},"end":{"line":139,"column":null}},"type":"cond-expr","locations":[{"start":{"line":139,"column":30},"end":{"line":139,"column":49}},{"start":{"line":139,"column":49},"end":{"line":139,"column":null}}],"line":139},"23":{"loc":{"start":{"line":140,"column":4},"end":{"line":145,"column":null}},"type":"if","locations":[{"start":{"line":140,"column":4},"end":{"line":145,"column":null}},{"start":{},"end":{}}],"line":140},"24":{"loc":{"start":{"line":159,"column":35},"end":{"line":159,"column":56}},"type":"default-arg","locations":[{"start":{"line":159,"column":50},"end":{"line":159,"column":56}}],"line":159},"25":{"loc":{"start":{"line":160,"column":2},"end":{"line":160,"column":null}},"type":"if","locations":[{"start":{"line":160,"column":2},"end":{"line":160,"column":null}},{"start":{},"end":{}}],"line":160},"26":{"loc":{"start":{"line":163,"column":4},"end":{"line":165,"column":null}},"type":"if","locations":[{"start":{"line":163,"column":4},"end":{"line":165,"column":null}},{"start":{},"end":{}}],"line":163},"27":{"loc":{"start":{"line":167,"column":2},"end":{"line":167,"column":null}},"type":"if","locations":[{"start":{"line":167,"column":2},"end":{"line":167,"column":null}},{"start":{},"end":{}}],"line":167},"28":{"loc":{"start":{"line":171,"column":2},"end":{"line":171,"column":null}},"type":"if","locations":[{"start":{"line":171,"column":2},"end":{"line":171,"column":null}},{"start":{},"end":{}}],"line":171},"29":{"loc":{"start":{"line":180,"column":14},"end":{"line":180,"column":null}},"type":"binary-expr","locations":[{"start":{"line":180,"column":14},"end":{"line":180,"column":24}},{"start":{"line":180,"column":24},"end":{"line":180,"column":null}}],"line":180},"30":{"loc":{"start":{"line":181,"column":33},"end":{"line":181,"column":91}},"type":"binary-expr","locations":[{"start":{"line":181,"column":33},"end":{"line":181,"column":47}},{"start":{"line":181,"column":47},"end":{"line":181,"column":70}},{"start":{"line":181,"column":70},"end":{"line":181,"column":91}}],"line":181},"31":{"loc":{"start":{"line":190,"column":13},"end":{"line":190,"column":null}},"type":"cond-expr","locations":[{"start":{"line":190,"column":33},"end":{"line":190,"column":85}},{"start":{"line":190,"column":85},"end":{"line":190,"column":null}}],"line":190},"32":{"loc":{"start":{"line":192,"column":12},"end":{"line":192,"column":null}},"type":"cond-expr","locations":[{"start":{"line":192,"column":30},"end":{"line":192,"column":92}},{"start":{"line":192,"column":92},"end":{"line":192,"column":null}}],"line":192},"33":{"loc":{"start":{"line":193,"column":13},"end":{"line":193,"column":null}},"type":"cond-expr","locations":[{"start":{"line":193,"column":33},"end":{"line":193,"column":99}},{"start":{"line":193,"column":99},"end":{"line":193,"column":null}}],"line":193},"34":{"loc":{"start":{"line":194,"column":15},"end":{"line":194,"column":null}},"type":"cond-expr","locations":[{"start":{"line":194,"column":33},"end":{"line":194,"column":65}},{"start":{"line":194,"column":65},"end":{"line":194,"column":null}}],"line":194},"35":{"loc":{"start":{"line":195,"column":16},"end":{"line":195,"column":null}},"type":"cond-expr","locations":[{"start":{"line":195,"column":34},"end":{"line":195,"column":66}},{"start":{"line":195,"column":66},"end":{"line":195,"column":null}}],"line":195},"36":{"loc":{"start":{"line":196,"column":18},"end":{"line":198,"column":null}},"type":"cond-expr","locations":[{"start":{"line":197,"column":8},"end":{"line":197,"column":null}},{"start":{"line":198,"column":8},"end":{"line":198,"column":null}}],"line":196},"37":{"loc":{"start":{"line":196,"column":18},"end":{"line":196,"column":null}},"type":"binary-expr","locations":[{"start":{"line":196,"column":18},"end":{"line":196,"column":39}},{"start":{"line":196,"column":39},"end":{"line":196,"column":null}}],"line":196},"38":{"loc":{"start":{"line":198,"column":8},"end":{"line":198,"column":null}},"type":"cond-expr","locations":[{"start":{"line":198,"column":26},"end":{"line":198,"column":37}},{"start":{"line":198,"column":37},"end":{"line":198,"column":null}}],"line":198}},"s":{"0":96,"1":0,"2":96,"3":96,"4":96,"5":0,"6":2,"7":24,"8":24,"9":1,"10":3,"11":3,"12":1,"13":3,"14":1,"15":1,"16":12,"17":12,"18":12,"19":1,"20":12,"21":1,"22":3,"23":3,"24":3,"25":3,"26":1,"27":4,"28":12,"29":4,"30":12,"31":4,"32":12,"33":4,"34":3,"35":3,"36":4,"37":12,"38":12,"39":4,"40":12,"41":4,"42":3,"43":2,"44":24,"45":22,"46":2,"47":2,"48":2,"49":24,"50":24,"51":24,"52":2,"53":2,"54":0,"55":2,"56":2,"57":2,"58":2,"59":2,"60":2,"61":2,"62":26,"63":16,"64":16,"65":26,"66":26,"67":26,"68":2,"69":2,"70":2,"71":2,"72":2,"73":2,"74":0,"75":2,"76":2,"77":2,"78":24,"79":24,"80":2,"81":0,"82":2,"83":24,"84":2,"85":24,"86":2,"87":2,"88":0,"89":2,"90":2,"91":2,"92":2,"93":24,"94":2,"95":2,"96":24,"97":2,"98":24,"99":2,"100":24,"101":16,"102":8,"103":16,"104":8},"f":{"0":96,"1":2,"2":24,"3":24,"4":1,"5":3,"6":1,"7":3,"8":4,"9":12,"10":12,"11":12,"12":3,"13":12,"14":12,"15":12,"16":3,"17":2,"18":24,"19":22,"20":2,"21":2,"22":24,"23":24,"24":2,"25":24,"26":24,"27":24,"28":24,"29":16,"30":8,"31":16,"32":8},"b":{"0":[0,96],"1":[96,0],"2":[96,96],"3":[8,88],"4":[24,0,0,0],"5":[0,3],"6":[1,0],"7":[12,12,12],"8":[1,11],"9":[1,0],"10":[3,0],"11":[3,0],"12":[12,0,0],"13":[0,3],"14":[3,0],"15":[12,12],"16":[1,3],"17":[1,3],"18":[2],"19":[24,0],"20":[0,2],"21":[16,10],"22":[26,0],"23":[2,24],"24":[2],"25":[0,2],"26":[24,0],"27":[0,2],"28":[0,2],"29":[2,0],"30":[24,0,0],"31":[2,0],"32":[2,0],"33":[2,0],"34":[2,0],"35":[2,0],"36":[2,0],"37":[2,2],"38":[0,0]},"meta":{"lastBranch":39,"lastFunction":33,"lastStatement":105,"seen":{"f:11:16:11:32":0,"b:12:2:12:Infinity:undefined:undefined:undefined:undefined":0,"s:12:2:12:Infinity":0,"s:12:25:12:Infinity":1,"b:13:2:16:Infinity:undefined:undefined:undefined:undefined":1,"s:13:2:16:Infinity":2,"b:13:6:13:33:13:33:13:59":2,"s:14:16:14:Infinity":3,"b:14:40:14:45:14:45:14:Infinity":3,"s:15:4:15:Infinity":4,"s:17:2:17:Infinity":5,"f:23:16:23:28":1,"s:24:2:26:Infinity":6,"f:25:5:25:12":2,"s:25:17:25:94":7,"b:25:17:25:31:25:31:25:55:25:55:25:72:25:72:25:94":4,"f:26:5:26:13":3,"s:26:24:26:50":8,"f:33:16:33:30":4,"s:34:2:37:Infinity":9,"f:34:19:34:27":5,"s:35:16:35:Infinity":10,"b:35:36:35:41:35:41:35:Infinity":5,"s:36:4:36:Infinity":11,"f:44:16:44:34":6,"s:45:17:45:Infinity":12,"b:45:37:45:45:45:45:45:47":6,"f:45:49:45:53":7,"s:45:58:45:67":13,"s:46:25:46:Infinity":14,"s:49:2:56:Infinity":15,"s:50:16:50:Infinity":16,"s:51:21:51:Infinity":17,"b:51:21:51:38:51:38:51:56:51:56:51:Infinity":7,"b:52:4:54:Infinity:undefined:undefined:undefined:undefined":8,"s:52:4:54:Infinity":18,"s:53:6:53:Infinity":19,"s:55:4:55:Infinity":20,"s:59:2:65:Infinity":21,"b:59:20:59:33:59:33:59:37":9,"s:60:21:60:Infinity":22,"b:60:21:60:37:60:37:60:Infinity":10,"b:61:4:63:Infinity:undefined:undefined:undefined:undefined":11,"s:61:4:63:Infinity":23,"s:62:6:62:Infinity":24,"s:64:4:64:Infinity":25,"s:67:2:94:Infinity":26,"f:67:40:67:45":8,"s:68:25:68:Infinity":27,"f:68:33:68:40":9,"s:68:45:68:103":28,"b:68:45:68:59:68:59:68:82:68:82:68:103":12,"s:69:17:69:Infinity":29,"f:69:30:69:37":10,"s:69:42:69:64":30,"s:70:21:70:Infinity":31,"f:70:34:70:42":11,"s:70:51:70:75":32,"s:71:23:74:Infinity":33,"f:71:28:71:36":12,"s:72:18:72:Infinity":34,"b:72:38:72:43:72:43:72:Infinity":13,"s:73:6:73:Infinity":35,"b:73:25:73:43:73:43:73:59":14,"s:77:22:79:Infinity":36,"f:78:7:78:14":13,"s:78:19:78:44":37,"b:78:19:78:34:78:34:78:44":15,"f:79:7:79:11":14,"s:79:11:79:72":38,"s:80:24:82:Infinity":39,"b:81:8:81:Infinity:82:8:82:Infinity":16,"f:81:18:81:26":15,"s:81:35:81:42":40,"s:84:4:93:Infinity":41,"b:91:41:91:92:91:92:91:Infinity":17,"f:94:5:94:11":16,"s:94:20:94:37":42,"f:101:16:101:28":17,"b:101:54:101:61":18,"s:102:17:104:Infinity":43,"f:103:5:103:12":18,"s:103:17:103:28":44,"f:104:5:104:11":19,"s:104:20:104:65":45,"s:106:16:106:Infinity":46,"s:107:17:107:Infinity":47,"s:109:2:115:Infinity":48,"s:110:4:110:Infinity":49,"s:111:17:113:Infinity":50,"b:112:8:112:Infinity:113:8:113:Infinity":19,"s:114:4:114:Infinity":51,"s:117:2:117:Infinity":52,"f:123:16:123:28":20,"b:124:2:124:Infinity:undefined:undefined:undefined:undefined":20,"s:124:2:124:Infinity":53,"s:124:24:124:Infinity":54,"s:126:13:126:Infinity":55,"s:127:17:127:Infinity":56,"s:128:14:128:Infinity":57,"s:129:17:129:Infinity":58,"s:130:19:130:Infinity":59,"s:131:21:131:Infinity":60,"s:133:2:146:Infinity":61,"b:134:4:137:Infinity:undefined:undefined:undefined:undefined":21,"s:134:4:137:Infinity":62,"s:135:6:135:Infinity":63,"s:136:6:136:Infinity":64,"s:138:15:138:Infinity":65,"s:139:18:139:Infinity":66,"b:139:30:139:49:139:49:139:Infinity":22,"b:140:4:145:Infinity:undefined:undefined:undefined:undefined":23,"s:140:4:145:Infinity":67,"s:141:6:141:Infinity":68,"s:142:6:142:Infinity":69,"s:143:6:143:Infinity":70,"s:144:6:144:Infinity":71,"s:148:2:153:Infinity":72,"f:159:16:159:28":21,"b:159:50:159:56":24,"b:160:2:160:Infinity:undefined:undefined:undefined:undefined":25,"s:160:2:160:Infinity":73,"s:160:24:160:Infinity":74,"s:161:18:161:Infinity":75,"s:162:2:166:Infinity":76,"s:162:15:162:18":77,"b:163:4:165:Infinity:undefined:undefined:undefined:undefined":26,"s:163:4:165:Infinity":78,"s:164:6:164:Infinity":79,"b:167:2:167:Infinity:undefined:undefined:undefined:undefined":27,"s:167:2:167:Infinity":80,"s:167:26:167:Infinity":81,"s:168:15:168:Infinity":82,"f:168:23:168:31":22,"s:168:40:168:47":83,"s:169:19:169:Infinity":84,"f:169:27:169:35":23,"s:169:44:169:65":85,"s:170:17:170:Infinity":86,"b:171:2:171:Infinity:undefined:undefined:undefined:undefined":28,"s:171:2:171:Infinity":87,"s:171:20:171:Infinity":88,"s:172:18:172:Infinity":89,"s:173:2:173:Infinity":90,"f:179:16:179:29":24,"s:180:14:180:Infinity":91,"b:180:14:180:24:180:24:180:Infinity":29,"s:181:17:181:Infinity":92,"f:181:21:181:28":25,"s:181:33:181:91":93,"b:181:33:181:47:181:47:181:70:181:70:181:91":30,"s:182:15:182:Infinity":94,"s:183:15:183:Infinity":95,"f:183:20:183:27":26,"s:183:32:183:37":96,"s:184:17:184:Infinity":97,"f:184:22:184:29":27,"s:184:34:184:39":98,"s:186:2:199:Infinity":99,"b:190:33:190:85:190:85:190:Infinity":31,"f:191:20:191:28":28,"s:191:37:191:44":100,"b:192:30:192:92:192:92:192:Infinity":32,"f:192:37:192:45":29,"s:192:54:192:61":101,"b:193:33:193:99:193:99:193:Infinity":33,"f:193:42:193:50":30,"s:193:59:193:66":102,"b:194:33:194:65:194:65:194:Infinity":34,"b:195:34:195:66:195:66:195:Infinity":35,"b:197:8:197:Infinity:198:8:198:Infinity":36,"b:196:18:196:39:196:39:196:Infinity":37,"f:197:23:197:31":31,"s:197:40:197:47":103,"f:197:59:197:67":32,"s:197:76:197:83":104,"b:198:26:198:37:198:37:198:Infinity":38},"fnNames":{}}}
}
